<?xml version="1.0" encoding="utf-8" standalone="no"?>
<!DOCTYPE report PUBLIC "-//JACOCO//DTD Report 1.1//EN" "report.dtd"[]>
<report name="Pester ()">
  <sessioninfo id="this" start="1787724072896" dump="1787724085975" />
  <package name="output/PSModuleGraph">
    <class name="output/PSModuleGraph/PSModuleGraph" sourcefilename="PSModuleGraph.psm1">
      <method name="&lt;script&gt;" desc="()" line="2">
        <counter type="INSTRUCTION" missed="0" covered="4" />
        <counter type="LINE" missed="0" covered="3" />
        <counter type="METHOD" missed="0" covered="1" />
      </method>
      <method name="ConvertTo-DotId" desc="()" line="8">
        <counter type="INSTRUCTION" missed="1" covered="4" />
        <counter type="LINE" missed="0" covered="3" />
        <counter type="METHOD" missed="0" covered="1" />
      </method>
      <method name="ConvertTo-EscapedCsvField" desc="()" line="18">
        <counter type="INSTRUCTION" missed="3" covered="4" />
        <counter type="LINE" missed="1" covered="3" />
        <counter type="METHOD" missed="0" covered="1" />
      </method>
      <method name="ConvertTo-EscapedDotText" desc="()" line="30">
        <counter type="INSTRUCTION" missed="1" covered="3" />
        <counter type="LINE" missed="0" covered="2" />
        <counter type="METHOD" missed="0" covered="1" />
      </method>
      <method name="ConvertTo-GraphCsv" desc="()" line="40">
        <counter type="INSTRUCTION" missed="9" covered="13" />
        <counter type="LINE" missed="8" covered="13" />
        <counter type="METHOD" missed="0" covered="1" />
      </method>
      <method name="ConvertTo-GraphDot" desc="()" line="79">
        <counter type="INSTRUCTION" missed="2" covered="54" />
        <counter type="LINE" missed="1" covered="32" />
        <counter type="METHOD" missed="0" covered="1" />
      </method>
      <method name="ConvertTo-GraphJson" desc="()" line="140">
        <counter type="INSTRUCTION" missed="9" covered="37" />
        <counter type="LINE" missed="7" covered="26" />
        <counter type="METHOD" missed="0" covered="1" />
      </method>
      <method name="ConvertTo-GraphMermaid" desc="()" line="202">
        <counter type="INSTRUCTION" missed="10" covered="28" />
        <counter type="LINE" missed="5" covered="18" />
        <counter type="METHOD" missed="0" covered="1" />
      </method>
      <method name="ConvertTo-MermaidId" desc="()" line="242">
        <counter type="INSTRUCTION" missed="1" covered="4" />
        <counter type="LINE" missed="0" covered="3" />
        <counter type="METHOD" missed="0" covered="1" />
      </method>
      <method name="Clear-ExcludedScheme" desc="()" line="274">
        <counter type="INSTRUCTION" missed="2" covered="12" />
        <counter type="LINE" missed="1" covered="10" />
        <counter type="METHOD" missed="0" covered="1" />
      </method>
      <method name="ConvertTo-AutoLaunchJson" desc="()" line="317">
        <counter type="INSTRUCTION" missed="0" covered="9" />
        <counter type="LINE" missed="0" covered="3" />
        <counter type="METHOD" missed="0" covered="1" />
      </method>
      <method name="Get-AutoLaunchPlan" desc="()" line="362">
        <counter type="INSTRUCTION" missed="32" covered="33" />
        <counter type="LINE" missed="13" covered="15" />
        <counter type="METHOD" missed="0" covered="1" />
      </method>
      <method name="Get-AutoLaunchPolicy" desc="()" line="431">
        <counter type="INSTRUCTION" missed="2" covered="17" />
        <counter type="LINE" missed="2" covered="14" />
        <counter type="METHOD" missed="0" covered="1" />
      </method>
      <method name="Get-EditorLinkBrowser" desc="()" line="491">
        <counter type="INSTRUCTION" missed="1" covered="35" />
        <counter type="LINE" missed="1" covered="30" />
        <counter type="METHOD" missed="0" covered="1" />
      </method>
      <method name="Get-EditorLinkState" desc="()" line="575">
        <counter type="INSTRUCTION" missed="22" covered="68" />
        <counter type="LINE" missed="16" covered="50" />
        <counter type="METHOD" missed="0" covered="1" />
      </method>
      <method name="Save-AutoLaunchBackup" desc="()" line="696">
        <counter type="INSTRUCTION" missed="2" covered="12" />
        <counter type="LINE" missed="2" covered="8" />
        <counter type="METHOD" missed="0" covered="1" />
      </method>
      <method name="Test-ExcludedSchemeWritable" desc="()" line="739">
        <counter type="INSTRUCTION" missed="10" covered="6" />
        <counter type="LINE" missed="5" covered="4" />
        <counter type="METHOD" missed="0" covered="1" />
      </method>
      <method name="Test-SchemeExcluded" desc="()" line="790">
        <counter type="INSTRUCTION" missed="16" covered="0" />
        <counter type="LINE" missed="9" covered="0" />
        <counter type="METHOD" missed="1" covered="0" />
      </method>
      <method name="Write-AutoLaunchPolicy" desc="()" line="831">
        <counter type="INSTRUCTION" missed="0" covered="10" />
        <counter type="LINE" missed="0" covered="8" />
        <counter type="METHOD" missed="0" covered="1" />
      </method>
      <method name="Get-HashtableValue" desc="()" line="871">
        <counter type="INSTRUCTION" missed="5" covered="5" />
        <counter type="LINE" missed="5" covered="5" />
        <counter type="METHOD" missed="0" covered="1" />
      </method>
      <method name="Get-PSModuleFileInventory" desc="()" line="907">
        <counter type="INSTRUCTION" missed="46" covered="42" />
        <counter type="LINE" missed="31" covered="33" />
        <counter type="METHOD" missed="0" covered="1" />
      </method>
      <method name="Add-InventoryFile" desc="()" line="922">
        <counter type="INSTRUCTION" missed="0" covered="18" />
        <counter type="LINE" missed="0" covered="17" />
        <counter type="METHOD" missed="0" covered="1" />
      </method>
      <method name="Get-RelativePathSafe" desc="()" line="1058">
        <counter type="INSTRUCTION" missed="1" covered="6" />
        <counter type="LINE" missed="1" covered="6" />
        <counter type="METHOD" missed="0" covered="1" />
      </method>
      <method name="Get-PSModuleParsedFile" desc="()" line="1108">
        <counter type="INSTRUCTION" missed="3" covered="29" />
        <counter type="LINE" missed="1" covered="22" />
        <counter type="METHOD" missed="0" covered="1" />
      </method>
      <method name="Get-PSModuleScriptAstFile" desc="()" line="1159">
        <counter type="INSTRUCTION" missed="11" covered="6" />
        <counter type="LINE" missed="9" covered="4" />
        <counter type="METHOD" missed="0" covered="1" />
      </method>
      <method name="Get-EnclosingFunctionName" desc="()" line="1194">
        <counter type="INSTRUCTION" missed="0" covered="6" />
        <counter type="LINE" missed="0" covered="6" />
        <counter type="METHOD" missed="0" covered="1" />
      </method>
      <method name="Test-AstIsClassMemberFunction" desc="()" line="1207">
        <counter type="INSTRUCTION" missed="0" covered="6" />
        <counter type="LINE" missed="0" covered="6" />
        <counter type="METHOD" missed="0" covered="1" />
      </method>
      <method name="Get-ExportNameSet" desc="()" line="1232">
        <counter type="INSTRUCTION" missed="15" covered="16" />
        <counter type="LINE" missed="14" covered="15" />
        <counter type="METHOD" missed="0" covered="1" />
      </method>
      <method name="Get-ManifestDataSafe" desc="()" line="1291">
        <counter type="INSTRUCTION" missed="2" covered="3" />
        <counter type="LINE" missed="2" covered="2" />
        <counter type="METHOD" missed="0" covered="1" />
      </method>
      <method name="ConvertTo-EscapedHtmlJson" desc="()" line="1319">
        <counter type="INSTRUCTION" missed="0" covered="3" />
        <counter type="LINE" missed="0" covered="2" />
        <counter type="METHOD" missed="0" covered="1" />
      </method>
      <method name="ConvertTo-EscapedHtmlText" desc="()" line="1333">
        <counter type="INSTRUCTION" missed="1" covered="2" />
        <counter type="LINE" missed="0" covered="2" />
        <counter type="METHOD" missed="0" covered="1" />
      </method>
      <method name="ConvertTo-GraphHtml" desc="()" line="1362">
        <counter type="INSTRUCTION" missed="1" covered="35" />
        <counter type="LINE" missed="0" covered="28" />
        <counter type="METHOD" missed="0" covered="1" />
      </method>
      <method name="ConvertTo-ModuleRelativePath" desc="()" line="1427">
        <counter type="INSTRUCTION" missed="3" covered="6" />
        <counter type="LINE" missed="1" covered="6" />
        <counter type="METHOD" missed="0" covered="1" />
      </method>
      <method name="Get-HtmlTemplateSet" desc="()" line="1469">
        <counter type="INSTRUCTION" missed="9" covered="34" />
        <counter type="LINE" missed="3" covered="23" />
        <counter type="METHOD" missed="0" covered="1" />
      </method>
      <method name="Read-Part" desc="()" line="1488">
        <counter type="INSTRUCTION" missed="0" covered="6" />
        <counter type="LINE" missed="0" covered="4" />
        <counter type="METHOD" missed="0" covered="1" />
      </method>
      <method name="Get-PSModuleGraphAsset" desc="()" line="1556">
        <counter type="INSTRUCTION" missed="0" covered="2" />
        <counter type="LINE" missed="0" covered="1" />
        <counter type="METHOD" missed="0" covered="1" />
      </method>
      <method name="Get-PSModuleGraphAssetPath" desc="()" line="1595">
        <counter type="INSTRUCTION" missed="2" covered="10" />
        <counter type="LINE" missed="1" covered="5" />
        <counter type="METHOD" missed="0" covered="1" />
      </method>
      <method name="Get-VSCodeLauncher" desc="()" line="1638">
        <counter type="INSTRUCTION" missed="5" covered="4" />
        <counter type="LINE" missed="5" covered="4" />
        <counter type="METHOD" missed="0" covered="1" />
      </method>
      <method name="Import-HtmlDataFile" desc="()" line="1690">
        <counter type="INSTRUCTION" missed="1" covered="7" />
        <counter type="LINE" missed="0" covered="5" />
        <counter type="METHOD" missed="0" covered="1" />
      </method>
      <method name="Invoke-HtmlConfigurationConstraint" desc="()" line="1736">
        <counter type="INSTRUCTION" missed="3" covered="41" />
        <counter type="LINE" missed="1" covered="29" />
        <counter type="METHOD" missed="0" covered="1" />
      </method>
      <method name="New-GraphTempDocumentPath" desc="()" line="1815">
        <counter type="INSTRUCTION" missed="7" covered="15" />
        <counter type="LINE" missed="3" covered="9" />
        <counter type="METHOD" missed="0" covered="1" />
      </method>
      <method name="Resolve-HtmlConfiguration" desc="()" line="1869">
        <counter type="INSTRUCTION" missed="3" covered="44" />
        <counter type="LINE" missed="1" covered="34" />
        <counter type="METHOD" missed="0" covered="1" />
      </method>
      <method name="Show-GraphDocument" desc="()" line="1969">
        <counter type="INSTRUCTION" missed="10" covered="16" />
        <counter type="LINE" missed="9" covered="11" />
        <counter type="METHOD" missed="0" covered="1" />
      </method>
      <method name="New-Result" desc="()" line="2052">
        <counter type="INSTRUCTION" missed="0" covered="4" />
        <counter type="LINE" missed="0" covered="1" />
        <counter type="METHOD" missed="0" covered="1" />
      </method>
      <method name="Test-HtmlSettingValue" desc="()" line="2055">
        <counter type="INSTRUCTION" missed="2" covered="32" />
        <counter type="LINE" missed="2" covered="24" />
        <counter type="METHOD" missed="0" covered="1" />
      </method>
      <method name="Resolve-BoundParameter" desc="()" line="2126">
        <counter type="INSTRUCTION" missed="4" covered="2" />
        <counter type="LINE" missed="4" covered="2" />
        <counter type="METHOD" missed="0" covered="1" />
      </method>
      <method name="Resolve-PSModuleTarget" desc="()" line="2171">
        <counter type="INSTRUCTION" missed="74" covered="44" />
        <counter type="LINE" missed="56" covered="41" />
        <counter type="METHOD" missed="0" covered="1" />
      </method>
      <method name="Enable-PSModuleGraphEditorLink" desc="()" line="2412">
        <counter type="INSTRUCTION" missed="30" covered="46" />
        <counter type="LINE" missed="16" covered="32" />
        <counter type="METHOD" missed="0" covered="1" />
      </method>
      <method name="Export-PSModuleDependencyGraph" desc="()" line="2568">
        <counter type="INSTRUCTION" missed="5" covered="31" />
        <counter type="LINE" missed="3" covered="28" />
        <counter type="METHOD" missed="0" covered="1" />
      </method>
      <method name="Get-PSModuleAssembly" desc="()" line="2659">
        <counter type="INSTRUCTION" missed="74" covered="28" />
        <counter type="LINE" missed="57" covered="23" />
        <counter type="METHOD" missed="0" covered="1" />
      </method>
      <method name="Add-AssemblyRecord" desc="()" line="2675">
        <counter type="INSTRUCTION" missed="19" covered="0" />
        <counter type="LINE" missed="15" covered="0" />
        <counter type="METHOD" missed="1" covered="0" />
      </method>
      <method name="Get-PSModuleClass" desc="()" line="2855">
        <counter type="INSTRUCTION" missed="7" covered="52" />
        <counter type="LINE" missed="6" covered="47" />
        <counter type="METHOD" missed="0" covered="1" />
      </method>
      <method name="Get-PSModuleCommandReference" desc="()" line="2973">
        <counter type="INSTRUCTION" missed="5" covered="46" />
        <counter type="LINE" missed="2" covered="41" />
        <counter type="METHOD" missed="0" covered="1" />
      </method>
      <method name="Get-PSModuleDependencyGraph" desc="()" line="3079">
        <counter type="INSTRUCTION" missed="16" covered="204" />
        <counter type="LINE" missed="12" covered="172" />
        <counter type="METHOD" missed="0" covered="1" />
      </method>
      <method name="Get-PSModuleEnum" desc="()" line="3358">
        <counter type="INSTRUCTION" missed="6" covered="45" />
        <counter type="LINE" missed="5" covered="42" />
        <counter type="METHOD" missed="0" covered="1" />
      </method>
      <method name="Get-PSModuleFunction" desc="()" line="3462">
        <counter type="INSTRUCTION" missed="5" covered="56" />
        <counter type="LINE" missed="1" covered="46" />
        <counter type="METHOD" missed="0" covered="1" />
      </method>
      <method name="Get-PSModuleManifest" desc="()" line="3559">
        <counter type="INSTRUCTION" missed="35" covered="60" />
        <counter type="LINE" missed="34" covered="48" />
        <counter type="METHOD" missed="0" covered="1" />
      </method>
      <method name="Get-PSModuleSourceFile" desc="()" line="3701">
        <counter type="INSTRUCTION" missed="9" covered="36" />
        <counter type="LINE" missed="5" covered="32" />
        <counter type="METHOD" missed="0" covered="1" />
      </method>
      <method name="Get-PSModuleUsingStatement" desc="()" line="3778">
        <counter type="INSTRUCTION" missed="16" covered="35" />
        <counter type="LINE" missed="9" covered="30" />
        <counter type="METHOD" missed="0" covered="1" />
      </method>
      <method name="Test-PSModuleGraphEditorLink" desc="()" line="3895">
        <counter type="INSTRUCTION" missed="0" covered="1" />
        <counter type="LINE" missed="0" covered="1" />
        <counter type="METHOD" missed="0" covered="1" />
      </method>
      <counter type="INSTRUCTION" missed="558" covered="1437" />
      <counter type="LINE" missed="385" covered="1134" />
      <counter type="METHOD" missed="2" covered="58" />
      <counter type="CLASS" missed="0" covered="1" />
    </class>
    <sourcefile name="PSModuleGraph.psm1">
      <line nr="2" mi="0" ci="1" mb="0" cb="0" />
      <line nr="3" mi="0" ci="1" mb="0" cb="0" />
      <line nr="8" mi="0" ci="2" mb="0" cb="0" />
      <line nr="9" mi="1" ci="1" mb="0" cb="0" />
      <line nr="10" mi="0" ci="1" mb="0" cb="0" />
      <line nr="18" mi="1" ci="2" mb="0" cb="0" />
      <line nr="19" mi="0" ci="1" mb="0" cb="0" />
      <line nr="20" mi="2" ci="0" mb="0" cb="0" />
      <line nr="22" mi="0" ci="1" mb="0" cb="0" />
      <line nr="30" mi="1" ci="1" mb="0" cb="0" />
      <line nr="31" mi="0" ci="2" mb="0" cb="0" />
      <line nr="40" mi="0" ci="1" mb="0" cb="0" />
      <line nr="41" mi="0" ci="1" mb="0" cb="0" />
      <line nr="42" mi="0" ci="1" mb="0" cb="0" />
      <line nr="43" mi="0" ci="1" mb="0" cb="0" />
      <line nr="44" mi="0" ci="1" mb="0" cb="0" />
      <line nr="45" mi="0" ci="1" mb="0" cb="0" />
      <line nr="46" mi="0" ci="1" mb="0" cb="0" />
      <line nr="47" mi="0" ci="1" mb="0" cb="0" />
      <line nr="48" mi="0" ci="1" mb="0" cb="0" />
      <line nr="49" mi="0" ci="1" mb="0" cb="0" />
      <line nr="50" mi="0" ci="1" mb="0" cb="0" />
      <line nr="55" mi="0" ci="1" mb="0" cb="0" />
      <line nr="56" mi="1" ci="0" mb="0" cb="0" />
      <line nr="57" mi="1" ci="0" mb="0" cb="0" />
      <line nr="58" mi="1" ci="0" mb="0" cb="0" />
      <line nr="59" mi="1" ci="0" mb="0" cb="0" />
      <line nr="60" mi="2" ci="0" mb="0" cb="0" />
      <line nr="61" mi="1" ci="0" mb="0" cb="0" />
      <line nr="62" mi="1" ci="0" mb="0" cb="0" />
      <line nr="64" mi="1" ci="0" mb="0" cb="0" />
      <line nr="70" mi="0" ci="1" mb="0" cb="0" />
      <line nr="79" mi="0" ci="1" mb="0" cb="0" />
      <line nr="80" mi="1" ci="2" mb="0" cb="0" />
      <line nr="81" mi="0" ci="1" mb="0" cb="0" />
      <line nr="82" mi="0" ci="1" mb="0" cb="0" />
      <line nr="83" mi="0" ci="1" mb="0" cb="0" />
      <line nr="84" mi="0" ci="1" mb="0" cb="0" />
      <line nr="86" mi="0" ci="1" mb="0" cb="0" />
      <line nr="87" mi="0" ci="1" mb="0" cb="0" />
      <line nr="88" mi="0" ci="4" mb="0" cb="0" />
      <line nr="89" mi="0" ci="3" mb="0" cb="0" />
      <line nr="91" mi="0" ci="1" mb="0" cb="0" />
      <line nr="92" mi="0" ci="3" mb="0" cb="0" />
      <line nr="93" mi="0" ci="1" mb="0" cb="0" />
      <line nr="94" mi="0" ci="1" mb="0" cb="0" />
      <line nr="95" mi="0" ci="1" mb="0" cb="0" />
      <line nr="96" mi="1" ci="0" mb="0" cb="0" />
      <line nr="98" mi="0" ci="1" mb="0" cb="0" />
      <line nr="99" mi="0" ci="3" mb="0" cb="0" />
      <line nr="102" mi="0" ci="1" mb="0" cb="0" />
      <line nr="103" mi="0" ci="3" mb="0" cb="0" />
      <line nr="104" mi="0" ci="1" mb="0" cb="0" />
      <line nr="105" mi="0" ci="1" mb="0" cb="0" />
      <line nr="106" mi="0" ci="3" mb="0" cb="0" />
      <line nr="108" mi="0" ci="1" mb="0" cb="0" />
      <line nr="109" mi="0" ci="2" mb="0" cb="0" />
      <line nr="110" mi="0" ci="1" mb="0" cb="0" />
      <line nr="111" mi="0" ci="2" mb="0" cb="0" />
      <line nr="112" mi="0" ci="2" mb="0" cb="0" />
      <line nr="116" mi="0" ci="1" mb="0" cb="0" />
      <line nr="117" mi="0" ci="3" mb="0" cb="0" />
      <line nr="118" mi="0" ci="4" mb="0" cb="0" />
      <line nr="121" mi="0" ci="1" mb="0" cb="0" />
      <line nr="122" mi="0" ci="1" mb="0" cb="0" />
      <line nr="140" mi="0" ci="1" mb="0" cb="0" />
      <line nr="141" mi="0" ci="1" mb="0" cb="0" />
      <line nr="142" mi="0" ci="1" mb="0" cb="0" />
      <line nr="143" mi="0" ci="1" mb="0" cb="0" />
      <line nr="144" mi="0" ci="1" mb="0" cb="0" />
      <line nr="145" mi="0" ci="3" mb="0" cb="0" />
      <line nr="146" mi="0" ci="1" mb="0" cb="0" />
      <line nr="147" mi="0" ci="1" mb="0" cb="0" />
      <line nr="148" mi="0" ci="1" mb="0" cb="0" />
      <line nr="149" mi="0" ci="1" mb="0" cb="0" />
      <line nr="150" mi="0" ci="1" mb="0" cb="0" />
      <line nr="151" mi="0" ci="1" mb="0" cb="0" />
      <line nr="152" mi="0" ci="1" mb="0" cb="0" />
      <line nr="155" mi="0" ci="3" mb="0" cb="0" />
      <line nr="156" mi="0" ci="1" mb="0" cb="0" />
      <line nr="157" mi="0" ci="1" mb="0" cb="0" />
      <line nr="158" mi="0" ci="1" mb="0" cb="0" />
      <line nr="159" mi="0" ci="1" mb="0" cb="0" />
      <line nr="160" mi="0" ci="1" mb="0" cb="0" />
      <line nr="161" mi="0" ci="1" mb="0" cb="0" />
      <line nr="162" mi="0" ci="1" mb="0" cb="0" />
      <line nr="163" mi="0" ci="1" mb="0" cb="0" />
      <line nr="177" mi="0" ci="4" mb="0" cb="0" />
      <line nr="178" mi="0" ci="4" mb="0" cb="0" />
      <line nr="181" mi="0" ci="1" mb="0" cb="0" />
      <line nr="182" mi="3" ci="0" mb="0" cb="0" />
      <line nr="183" mi="1" ci="0" mb="0" cb="0" />
      <line nr="184" mi="1" ci="0" mb="0" cb="0" />
      <line nr="185" mi="1" ci="0" mb="0" cb="0" />
      <line nr="186" mi="1" ci="0" mb="0" cb="0" />
      <line nr="187" mi="1" ci="0" mb="0" cb="0" />
      <line nr="188" mi="1" ci="0" mb="0" cb="0" />
      <line nr="193" mi="0" ci="2" mb="0" cb="0" />
      <line nr="202" mi="0" ci="1" mb="0" cb="0" />
      <line nr="203" mi="0" ci="1" mb="0" cb="0" />
      <line nr="205" mi="0" ci="1" mb="0" cb="0" />
      <line nr="206" mi="0" ci="1" mb="0" cb="0" />
      <line nr="207" mi="0" ci="1" mb="0" cb="0" />
      <line nr="208" mi="0" ci="4" mb="0" cb="0" />
      <line nr="209" mi="0" ci="3" mb="0" cb="0" />
      <line nr="211" mi="0" ci="1" mb="0" cb="0" />
      <line nr="212" mi="0" ci="1" mb="0" cb="0" />
      <line nr="213" mi="0" ci="1" mb="0" cb="0" />
      <line nr="214" mi="0" ci="1" mb="0" cb="0" />
      <line nr="215" mi="0" ci="1" mb="0" cb="0" />
      <line nr="217" mi="0" ci="1" mb="0" cb="0" />
      <line nr="220" mi="0" ci="1" mb="0" cb="0" />
      <line nr="221" mi="0" ci="3" mb="0" cb="0" />
      <line nr="222" mi="0" ci="4" mb="0" cb="0" />
      <line nr="225" mi="0" ci="1" mb="0" cb="0" />
      <line nr="226" mi="1" ci="0" mb="0" cb="0" />
      <line nr="227" mi="2" ci="0" mb="0" cb="0" />
      <line nr="228" mi="2" ci="0" mb="0" cb="0" />
      <line nr="229" mi="2" ci="0" mb="0" cb="0" />
      <line nr="230" mi="3" ci="0" mb="0" cb="0" />
      <line nr="234" mi="0" ci="1" mb="0" cb="0" />
      <line nr="242" mi="0" ci="2" mb="0" cb="0" />
      <line nr="243" mi="1" ci="1" mb="0" cb="0" />
      <line nr="244" mi="0" ci="1" mb="0" cb="0" />
      <line nr="274" mi="0" ci="1" mb="0" cb="0" />
      <line nr="275" mi="0" ci="1" mb="0" cb="0" />
      <line nr="276" mi="0" ci="1" mb="0" cb="0" />
      <line nr="278" mi="0" ci="2" mb="0" cb="0" />
      <line nr="279" mi="1" ci="1" mb="0" cb="0" />
      <line nr="280" mi="0" ci="1" mb="0" cb="0" />
      <line nr="281" mi="1" ci="0" mb="0" cb="0" />
      <line nr="283" mi="0" ci="1" mb="0" cb="0" />
      <line nr="287" mi="0" ci="2" mb="0" cb="0" />
      <line nr="288" mi="0" ci="1" mb="0" cb="0" />
      <line nr="290" mi="0" ci="1" mb="0" cb="0" />
      <line nr="317" mi="0" ci="5" mb="0" cb="0" />
      <line nr="318" mi="0" ci="2" mb="0" cb="0" />
      <line nr="321" mi="0" ci="2" mb="0" cb="0" />
      <line nr="362" mi="0" ci="3" mb="0" cb="0" />
      <line nr="364" mi="0" ci="1" mb="0" cb="0" />
      <line nr="365" mi="4" ci="0" mb="0" cb="0" />
      <line nr="366" mi="1" ci="0" mb="0" cb="0" />
      <line nr="369" mi="0" ci="1" mb="0" cb="0" />
      <line nr="373" mi="0" ci="1" mb="0" cb="0" />
      <line nr="374" mi="0" ci="1" mb="0" cb="0" />
      <line nr="375" mi="0" ci="3" mb="0" cb="0" />
      <line nr="376" mi="0" ci="2" mb="0" cb="0" />
      <line nr="378" mi="0" ci="4" mb="0" cb="0" />
      <line nr="379" mi="0" ci="1" mb="0" cb="0" />
      <line nr="382" mi="1" ci="0" mb="0" cb="0" />
      <line nr="383" mi="4" ci="0" mb="0" cb="0" />
      <line nr="384" mi="1" ci="0" mb="0" cb="0" />
      <line nr="387" mi="4" ci="0" mb="0" cb="0" />
      <line nr="388" mi="1" ci="0" mb="0" cb="0" />
      <line nr="389" mi="4" ci="0" mb="0" cb="0" />
      <line nr="390" mi="1" ci="0" mb="0" cb="0" />
      <line nr="392" mi="3" ci="0" mb="0" cb="0" />
      <line nr="393" mi="3" ci="0" mb="0" cb="0" />
      <line nr="396" mi="0" ci="4" mb="0" cb="0" />
      <line nr="397" mi="0" ci="4" mb="0" cb="0" />
      <line nr="398" mi="0" ci="1" mb="0" cb="0" />
      <line nr="400" mi="0" ci="1" mb="0" cb="0" />
      <line nr="401" mi="4" ci="0" mb="0" cb="0" />
      <line nr="402" mi="1" ci="0" mb="0" cb="0" />
      <line nr="405" mi="0" ci="4" mb="0" cb="0" />
      <line nr="406" mi="0" ci="2" mb="0" cb="0" />
      <line nr="431" mi="0" ci="1" mb="0" cb="0" />
      <line nr="432" mi="0" ci="1" mb="0" cb="0" />
      <line nr="433" mi="0" ci="1" mb="0" cb="0" />
      <line nr="434" mi="0" ci="2" mb="0" cb="0" />
      <line nr="437" mi="0" ci="1" mb="0" cb="0" />
      <line nr="438" mi="0" ci="1" mb="0" cb="0" />
      <line nr="439" mi="0" ci="1" mb="0" cb="0" />
      <line nr="440" mi="0" ci="3" mb="0" cb="0" />
      <line nr="442" mi="1" ci="0" mb="0" cb="0" />
      <line nr="443" mi="1" ci="0" mb="0" cb="0" />
      <line nr="447" mi="0" ci="1" mb="0" cb="0" />
      <line nr="448" mi="0" ci="1" mb="0" cb="0" />
      <line nr="449" mi="0" ci="1" mb="0" cb="0" />
      <line nr="450" mi="0" ci="1" mb="0" cb="0" />
      <line nr="451" mi="0" ci="1" mb="0" cb="0" />
      <line nr="452" mi="0" ci="1" mb="0" cb="0" />
      <line nr="491" mi="0" ci="1" mb="0" cb="0" />
      <line nr="492" mi="0" ci="1" mb="0" cb="0" />
      <line nr="493" mi="0" ci="1" mb="0" cb="0" />
      <line nr="494" mi="0" ci="1" mb="0" cb="0" />
      <line nr="495" mi="0" ci="1" mb="0" cb="0" />
      <line nr="496" mi="0" ci="1" mb="0" cb="0" />
      <line nr="497" mi="0" ci="1" mb="0" cb="0" />
      <line nr="498" mi="0" ci="1" mb="0" cb="0" />
      <line nr="499" mi="0" ci="1" mb="0" cb="0" />
      <line nr="500" mi="0" ci="1" mb="0" cb="0" />
      <line nr="503" mi="0" ci="1" mb="0" cb="0" />
      <line nr="504" mi="0" ci="1" mb="0" cb="0" />
      <line nr="505" mi="0" ci="1" mb="0" cb="0" />
      <line nr="506" mi="0" ci="1" mb="0" cb="0" />
      <line nr="507" mi="0" ci="1" mb="0" cb="0" />
      <line nr="508" mi="0" ci="1" mb="0" cb="0" />
      <line nr="509" mi="0" ci="1" mb="0" cb="0" />
      <line nr="510" mi="0" ci="1" mb="0" cb="0" />
      <line nr="515" mi="0" ci="1" mb="0" cb="0" />
      <line nr="516" mi="0" ci="5" mb="0" cb="0" />
      <line nr="517" mi="0" ci="1" mb="0" cb="0" />
      <line nr="518" mi="0" ci="2" mb="0" cb="0" />
      <line nr="520" mi="1" ci="0" mb="0" cb="0" />
      <line nr="522" mi="0" ci="1" mb="0" cb="0" />
      <line nr="523" mi="0" ci="1" mb="0" cb="0" />
      <line nr="524" mi="0" ci="1" mb="0" cb="0" />
      <line nr="525" mi="0" ci="1" mb="0" cb="0" />
      <line nr="526" mi="0" ci="1" mb="0" cb="0" />
      <line nr="527" mi="0" ci="1" mb="0" cb="0" />
      <line nr="528" mi="0" ci="1" mb="0" cb="0" />
      <line nr="529" mi="0" ci="1" mb="0" cb="0" />
      <line nr="575" mi="0" ci="1" mb="0" cb="0" />
      <line nr="576" mi="0" ci="1" mb="0" cb="0" />
      <line nr="579" mi="1" ci="0" mb="0" cb="0" />
      <line nr="582" mi="0" ci="1" mb="0" cb="0" />
      <line nr="583" mi="3" ci="0" mb="0" cb="0" />
      <line nr="584" mi="3" ci="0" mb="0" cb="0" />
      <line nr="585" mi="1" ci="0" mb="0" cb="0" />
      <line nr="587" mi="2" ci="0" mb="0" cb="0" />
      <line nr="590" mi="1" ci="0" mb="0" cb="0" />
      <line nr="591" mi="1" ci="0" mb="0" cb="0" />
      <line nr="592" mi="1" ci="0" mb="0" cb="0" />
      <line nr="593" mi="1" ci="0" mb="0" cb="0" />
      <line nr="594" mi="1" ci="0" mb="0" cb="0" />
      <line nr="595" mi="1" ci="0" mb="0" cb="0" />
      <line nr="596" mi="1" ci="0" mb="0" cb="0" />
      <line nr="597" mi="1" ci="0" mb="0" cb="0" />
      <line nr="598" mi="1" ci="0" mb="0" cb="0" />
      <line nr="602" mi="0" ci="1" mb="0" cb="0" />
      <line nr="603" mi="0" ci="1" mb="0" cb="0" />
      <line nr="604" mi="0" ci="1" mb="0" cb="0" />
      <line nr="605" mi="0" ci="1" mb="0" cb="0" />
      <line nr="606" mi="0" ci="1" mb="0" cb="0" />
      <line nr="607" mi="0" ci="2" mb="0" cb="0" />
      <line nr="610" mi="0" ci="1" mb="0" cb="0" />
      <line nr="611" mi="0" ci="1" mb="0" cb="0" />
      <line nr="612" mi="0" ci="1" mb="0" cb="0" />
      <line nr="613" mi="0" ci="2" mb="0" cb="0" />
      <line nr="615" mi="0" ci="1" mb="0" cb="0" />
      <line nr="616" mi="2" ci="0" mb="0" cb="0" />
      <line nr="620" mi="0" ci="1" mb="0" cb="0" />
      <line nr="621" mi="0" ci="1" mb="0" cb="0" />
      <line nr="622" mi="0" ci="4" mb="0" cb="0" />
      <line nr="624" mi="0" ci="1" mb="0" cb="0" />
      <line nr="625" mi="0" ci="1" mb="0" cb="0" />
      <line nr="626" mi="0" ci="1" mb="0" cb="0" />
      <line nr="627" mi="0" ci="1" mb="0" cb="0" />
      <line nr="630" mi="0" ci="1" mb="0" cb="0" />
      <line nr="631" mi="0" ci="2" mb="0" cb="0" />
      <line nr="632" mi="1" ci="0" mb="0" cb="0" />
      <line nr="635" mi="0" ci="1" mb="0" cb="0" />
      <line nr="636" mi="0" ci="1" mb="0" cb="0" />
      <line nr="637" mi="0" ci="1" mb="0" cb="0" />
      <line nr="638" mi="0" ci="1" mb="0" cb="0" />
      <line nr="639" mi="0" ci="2" mb="0" cb="0" />
      <line nr="640" mi="0" ci="1" mb="0" cb="0" />
      <line nr="641" mi="0" ci="1" mb="0" cb="0" />
      <line nr="642" mi="0" ci="1" mb="0" cb="0" />
      <line nr="643" mi="0" ci="4" mb="0" cb="0" />
      <line nr="644" mi="0" ci="1" mb="0" cb="0" />
      <line nr="645" mi="0" ci="1" mb="0" cb="0" />
      <line nr="646" mi="0" ci="1" mb="0" cb="0" />
      <line nr="647" mi="0" ci="1" mb="0" cb="0" />
      <line nr="648" mi="0" ci="2" mb="0" cb="0" />
      <line nr="652" mi="0" ci="2" mb="0" cb="0" />
      <line nr="653" mi="0" ci="4" mb="0" cb="0" />
      <line nr="654" mi="0" ci="1" mb="0" cb="0" />
      <line nr="655" mi="0" ci="4" mb="0" cb="0" />
      <line nr="657" mi="0" ci="1" mb="0" cb="0" />
      <line nr="658" mi="0" ci="1" mb="0" cb="0" />
      <line nr="659" mi="0" ci="1" mb="0" cb="0" />
      <line nr="660" mi="0" ci="1" mb="0" cb="0" />
      <line nr="661" mi="0" ci="1" mb="0" cb="0" />
      <line nr="662" mi="0" ci="1" mb="0" cb="0" />
      <line nr="663" mi="0" ci="1" mb="0" cb="0" />
      <line nr="664" mi="0" ci="1" mb="0" cb="0" />
      <line nr="665" mi="0" ci="1" mb="0" cb="0" />
      <line nr="696" mi="0" ci="1" mb="0" cb="0" />
      <line nr="697" mi="0" ci="1" mb="0" cb="0" />
      <line nr="698" mi="1" ci="0" mb="0" cb="0" />
      <line nr="699" mi="1" ci="0" mb="0" cb="0" />
      <line nr="702" mi="0" ci="2" mb="0" cb="0" />
      <line nr="703" mi="0" ci="2" mb="0" cb="0" />
      <line nr="704" mi="0" ci="1" mb="0" cb="0" />
      <line nr="705" mi="0" ci="2" mb="0" cb="0" />
      <line nr="706" mi="0" ci="1" mb="0" cb="0" />
      <line nr="707" mi="0" ci="2" mb="0" cb="0" />
      <line nr="739" mi="0" ci="2" mb="0" cb="0" />
      <line nr="740" mi="3" ci="0" mb="0" cb="0" />
      <line nr="743" mi="0" ci="1" mb="0" cb="0" />
      <line nr="744" mi="0" ci="2" mb="0" cb="0" />
      <line nr="745" mi="0" ci="1" mb="0" cb="0" />
      <line nr="749" mi="1" ci="0" mb="0" cb="0" />
      <line nr="750" mi="2" ci="0" mb="0" cb="0" />
      <line nr="751" mi="1" ci="0" mb="0" cb="0" />
      <line nr="755" mi="3" ci="0" mb="0" cb="0" />
      <line nr="790" mi="3" ci="0" mb="0" cb="0" />
      <line nr="793" mi="2" ci="0" mb="0" cb="0" />
      <line nr="796" mi="2" ci="0" mb="0" cb="0" />
      <line nr="797" mi="1" ci="0" mb="0" cb="0" />
      <line nr="800" mi="1" ci="0" mb="0" cb="0" />
      <line nr="801" mi="2" ci="0" mb="0" cb="0" />
      <line nr="802" mi="1" ci="0" mb="0" cb="0" />
      <line nr="803" mi="2" ci="0" mb="0" cb="0" />
      <line nr="805" mi="2" ci="0" mb="0" cb="0" />
      <line nr="831" mi="0" ci="1" mb="0" cb="0" />
      <line nr="832" mi="0" ci="1" mb="0" cb="0" />
      <line nr="833" mi="0" ci="1" mb="0" cb="0" />
      <line nr="839" mi="0" ci="1" mb="0" cb="0" />
      <line nr="841" mi="0" ci="2" mb="0" cb="0" />
      <line nr="842" mi="0" ci="2" mb="0" cb="0" />
      <line nr="844" mi="0" ci="1" mb="0" cb="0" />
      <line nr="845" mi="0" ci="1" mb="0" cb="0" />
      <line nr="871" mi="0" ci="1" mb="0" cb="0" />
      <line nr="872" mi="1" ci="0" mb="0" cb="0" />
      <line nr="875" mi="0" ci="1" mb="0" cb="0" />
      <line nr="876" mi="0" ci="1" mb="0" cb="0" />
      <line nr="877" mi="0" ci="1" mb="0" cb="0" />
      <line nr="880" mi="0" ci="1" mb="0" cb="0" />
      <line nr="883" mi="1" ci="0" mb="0" cb="0" />
      <line nr="884" mi="1" ci="0" mb="0" cb="0" />
      <line nr="885" mi="1" ci="0" mb="0" cb="0" />
      <line nr="888" mi="1" ci="0" mb="0" cb="0" />
      <line nr="907" mi="0" ci="1" mb="0" cb="0" />
      <line nr="908" mi="0" ci="2" mb="0" cb="0" />
      <line nr="909" mi="2" ci="0" mb="0" cb="0" />
      <line nr="912" mi="0" ci="1" mb="0" cb="0" />
      <line nr="913" mi="0" ci="1" mb="0" cb="0" />
      <line nr="922" mi="0" ci="1" mb="0" cb="0" />
      <line nr="924" mi="0" ci="1" mb="0" cb="0" />
      <line nr="930" mi="0" ci="2" mb="0" cb="0" />
      <line nr="931" mi="0" ci="1" mb="0" cb="0" />
      <line nr="932" mi="0" ci="1" mb="0" cb="0" />
      <line nr="933" mi="0" ci="1" mb="0" cb="0" />
      <line nr="935" mi="0" ci="1" mb="0" cb="0" />
      <line nr="936" mi="0" ci="1" mb="0" cb="0" />
      <line nr="938" mi="0" ci="1" mb="0" cb="0" />
      <line nr="939" mi="0" ci="1" mb="0" cb="0" />
      <line nr="940" mi="0" ci="1" mb="0" cb="0" />
      <line nr="941" mi="0" ci="1" mb="0" cb="0" />
      <line nr="942" mi="0" ci="1" mb="0" cb="0" />
      <line nr="943" mi="0" ci="1" mb="0" cb="0" />
      <line nr="944" mi="0" ci="1" mb="0" cb="0" />
      <line nr="945" mi="0" ci="1" mb="0" cb="0" />
      <line nr="946" mi="0" ci="1" mb="0" cb="0" />
      <line nr="951" mi="0" ci="1" mb="0" cb="0" />
      <line nr="952" mi="0" ci="2" mb="0" cb="0" />
      <line nr="953" mi="0" ci="1" mb="0" cb="0" />
      <line nr="955" mi="0" ci="1" mb="0" cb="0" />
      <line nr="958" mi="1" ci="0" mb="0" cb="0" />
      <line nr="962" mi="0" ci="1" mb="0" cb="0" />
      <line nr="963" mi="0" ci="1" mb="0" cb="0" />
      <line nr="964" mi="0" ci="1" mb="0" cb="0" />
      <line nr="965" mi="1" ci="2" mb="0" cb="0" />
      <line nr="966" mi="0" ci="2" mb="0" cb="0" />
      <line nr="969" mi="0" ci="2" mb="0" cb="0" />
      <line nr="970" mi="2" ci="0" mb="0" cb="0" />
      <line nr="971" mi="1" ci="0" mb="0" cb="0" />
      <line nr="972" mi="2" ci="0" mb="0" cb="0" />
      <line nr="975" mi="1" ci="0" mb="0" cb="0" />
      <line nr="977" mi="2" ci="0" mb="0" cb="0" />
      <line nr="978" mi="3" ci="0" mb="0" cb="0" />
      <line nr="979" mi="3" ci="0" mb="0" cb="0" />
      <line nr="980" mi="1" ci="0" mb="0" cb="0" />
      <line nr="983" mi="0" ci="2" mb="0" cb="0" />
      <line nr="984" mi="1" ci="0" mb="0" cb="0" />
      <line nr="985" mi="3" ci="0" mb="0" cb="0" />
      <line nr="986" mi="1" ci="0" mb="0" cb="0" />
      <line nr="990" mi="0" ci="2" mb="0" cb="0" />
      <line nr="991" mi="1" ci="0" mb="0" cb="0" />
      <line nr="992" mi="3" ci="0" mb="0" cb="0" />
      <line nr="993" mi="1" ci="0" mb="0" cb="0" />
      <line nr="994" mi="1" ci="0" mb="0" cb="0" />
      <line nr="995" mi="1" ci="0" mb="0" cb="0" />
      <line nr="996" mi="1" ci="0" mb="0" cb="0" />
      <line nr="997" mi="1" ci="0" mb="0" cb="0" />
      <line nr="998" mi="1" ci="0" mb="0" cb="0" />
      <line nr="999" mi="1" ci="0" mb="0" cb="0" />
      <line nr="1001" mi="1" ci="0" mb="0" cb="0" />
      <line nr="1005" mi="0" ci="2" mb="0" cb="0" />
      <line nr="1006" mi="1" ci="0" mb="0" cb="0" />
      <line nr="1007" mi="3" ci="0" mb="0" cb="0" />
      <line nr="1009" mi="1" ci="0" mb="0" cb="0" />
      <line nr="1010" mi="1" ci="0" mb="0" cb="0" />
      <line nr="1015" mi="1" ci="0" mb="0" cb="0" />
      <line nr="1016" mi="1" ci="0" mb="0" cb="0" />
      <line nr="1020" mi="0" ci="2" mb="0" cb="0" />
      <line nr="1021" mi="0" ci="1" mb="0" cb="0" />
      <line nr="1022" mi="0" ci="1" mb="0" cb="0" />
      <line nr="1023" mi="0" ci="1" mb="0" cb="0" />
      <line nr="1028" mi="0" ci="1" mb="0" cb="0" />
      <line nr="1029" mi="0" ci="1" mb="0" cb="0" />
      <line nr="1030" mi="0" ci="1" mb="0" cb="0" />
      <line nr="1032" mi="0" ci="1" mb="0" cb="0" />
      <line nr="1034" mi="0" ci="1" mb="0" cb="0" />
      <line nr="1035" mi="0" ci="1" mb="0" cb="0" />
      <line nr="1036" mi="0" ci="1" mb="0" cb="0" />
      <line nr="1037" mi="0" ci="1" mb="0" cb="0" />
      <line nr="1038" mi="0" ci="1" mb="0" cb="0" />
      <line nr="1039" mi="0" ci="1" mb="0" cb="0" />
      <line nr="1040" mi="1" ci="0" mb="0" cb="0" />
      <line nr="1041" mi="1" ci="0" mb="0" cb="0" />
      <line nr="1043" mi="0" ci="1" mb="0" cb="0" />
      <line nr="1047" mi="0" ci="1" mb="0" cb="0" />
      <line nr="1058" mi="0" ci="1" mb="0" cb="0" />
      <line nr="1059" mi="0" ci="1" mb="0" cb="0" />
      <line nr="1060" mi="0" ci="1" mb="0" cb="0" />
      <line nr="1061" mi="0" ci="1" mb="0" cb="0" />
      <line nr="1062" mi="0" ci="1" mb="0" cb="0" />
      <line nr="1063" mi="0" ci="1" mb="0" cb="0" />
      <line nr="1066" mi="1" ci="0" mb="0" cb="0" />
      <line nr="1108" mi="0" ci="2" mb="0" cb="0" />
      <line nr="1109" mi="0" ci="1" mb="0" cb="0" />
      <line nr="1114" mi="0" ci="1" mb="0" cb="0" />
      <line nr="1115" mi="0" ci="2" mb="0" cb="0" />
      <line nr="1116" mi="2" ci="0" mb="0" cb="0" />
      <line nr="1119" mi="0" ci="1" mb="0" cb="0" />
      <line nr="1120" mi="1" ci="3" mb="0" cb="0" />
      <line nr="1122" mi="0" ci="1" mb="0" cb="0" />
      <line nr="1123" mi="0" ci="1" mb="0" cb="0" />
      <line nr="1126" mi="0" ci="1" mb="0" cb="0" />
      <line nr="1127" mi="0" ci="1" mb="0" cb="0" />
      <line nr="1128" mi="0" ci="1" mb="0" cb="0" />
      <line nr="1130" mi="0" ci="1" mb="0" cb="0" />
      <line nr="1131" mi="0" ci="1" mb="0" cb="0" />
      <line nr="1132" mi="0" ci="1" mb="0" cb="0" />
      <line nr="1133" mi="0" ci="1" mb="0" cb="0" />
      <line nr="1134" mi="0" ci="1" mb="0" cb="0" />
      <line nr="1135" mi="0" ci="2" mb="0" cb="0" />
      <line nr="1136" mi="0" ci="2" mb="0" cb="0" />
      <line nr="1137" mi="0" ci="2" mb="0" cb="0" />
      <line nr="1140" mi="0" ci="1" mb="0" cb="0" />
      <line nr="1141" mi="0" ci="1" mb="0" cb="0" />
      <line nr="1144" mi="0" ci="1" mb="0" cb="0" />
      <line nr="1159" mi="0" ci="2" mb="0" cb="0" />
      <line nr="1160" mi="0" ci="1" mb="0" cb="0" />
      <line nr="1161" mi="0" ci="2" mb="0" cb="0" />
      <line nr="1162" mi="1" ci="0" mb="0" cb="0" />
      <line nr="1167" mi="0" ci="1" mb="0" cb="0" />
      <line nr="1170" mi="1" ci="0" mb="0" cb="0" />
      <line nr="1171" mi="1" ci="0" mb="0" cb="0" />
      <line nr="1172" mi="1" ci="0" mb="0" cb="0" />
      <line nr="1173" mi="1" ci="0" mb="0" cb="0" />
      <line nr="1174" mi="1" ci="0" mb="0" cb="0" />
      <line nr="1175" mi="3" ci="0" mb="0" cb="0" />
      <line nr="1176" mi="1" ci="0" mb="0" cb="0" />
      <line nr="1177" mi="1" ci="0" mb="0" cb="0" />
      <line nr="1194" mi="0" ci="1" mb="0" cb="0" />
      <line nr="1195" mi="0" ci="1" mb="0" cb="0" />
      <line nr="1196" mi="0" ci="1" mb="0" cb="0" />
      <line nr="1197" mi="0" ci="1" mb="0" cb="0" />
      <line nr="1199" mi="0" ci="1" mb="0" cb="0" />
      <line nr="1201" mi="0" ci="1" mb="0" cb="0" />
      <line nr="1207" mi="0" ci="1" mb="0" cb="0" />
      <line nr="1208" mi="0" ci="1" mb="0" cb="0" />
      <line nr="1209" mi="0" ci="1" mb="0" cb="0" />
      <line nr="1210" mi="0" ci="1" mb="0" cb="0" />
      <line nr="1213" mi="0" ci="1" mb="0" cb="0" />
      <line nr="1215" mi="0" ci="1" mb="0" cb="0" />
      <line nr="1232" mi="0" ci="1" mb="0" cb="0" />
      <line nr="1233" mi="0" ci="1" mb="0" cb="0" />
      <line nr="1235" mi="0" ci="1" mb="0" cb="0" />
      <line nr="1237" mi="1" ci="0" mb="0" cb="0" />
      <line nr="1238" mi="1" ci="0" mb="0" cb="0" />
      <line nr="1239" mi="1" ci="0" mb="0" cb="0" />
      <line nr="1240" mi="1" ci="0" mb="0" cb="0" />
      <line nr="1244" mi="0" ci="1" mb="0" cb="0" />
      <line nr="1245" mi="0" ci="1" mb="0" cb="0" />
      <line nr="1249" mi="1" ci="0" mb="0" cb="0" />
      <line nr="1250" mi="1" ci="0" mb="0" cb="0" />
      <line nr="1251" mi="1" ci="0" mb="0" cb="0" />
      <line nr="1252" mi="1" ci="0" mb="0" cb="0" />
      <line nr="1256" mi="0" ci="2" mb="0" cb="0" />
      <line nr="1257" mi="1" ci="1" mb="0" cb="0" />
      <line nr="1258" mi="0" ci="1" mb="0" cb="0" />
      <line nr="1259" mi="0" ci="1" mb="0" cb="0" />
      <line nr="1260" mi="1" ci="0" mb="0" cb="0" />
      <line nr="1261" mi="1" ci="0" mb="0" cb="0" />
      <line nr="1262" mi="1" ci="0" mb="0" cb="0" />
      <line nr="1265" mi="0" ci="1" mb="0" cb="0" />
      <line nr="1266" mi="1" ci="0" mb="0" cb="0" />
      <line nr="1267" mi="1" ci="0" mb="0" cb="0" />
      <line nr="1268" mi="1" ci="0" mb="0" cb="0" />
      <line nr="1273" mi="0" ci="1" mb="0" cb="0" />
      <line nr="1277" mi="0" ci="1" mb="0" cb="0" />
      <line nr="1278" mi="0" ci="1" mb="0" cb="0" />
      <line nr="1279" mi="0" ci="1" mb="0" cb="0" />
      <line nr="1280" mi="0" ci="1" mb="0" cb="0" />
      <line nr="1291" mi="0" ci="2" mb="0" cb="0" />
      <line nr="1292" mi="1" ci="0" mb="0" cb="0" />
      <line nr="1296" mi="0" ci="1" mb="0" cb="0" />
      <line nr="1299" mi="1" ci="0" mb="0" cb="0" />
      <line nr="1319" mi="0" ci="2" mb="0" cb="0" />
      <line nr="1320" mi="0" ci="1" mb="0" cb="0" />
      <line nr="1333" mi="1" ci="1" mb="0" cb="0" />
      <line nr="1335" mi="0" ci="1" mb="0" cb="0" />
      <line nr="1362" mi="0" ci="1" mb="0" cb="0" />
      <line nr="1363" mi="1" ci="2" mb="0" cb="0" />
      <line nr="1364" mi="0" ci="1" mb="0" cb="0" />
      <line nr="1367" mi="0" ci="1" mb="0" cb="0" />
      <line nr="1370" mi="0" ci="1" mb="0" cb="0" />
      <line nr="1371" mi="0" ci="2" mb="0" cb="0" />
      <line nr="1373" mi="0" ci="2" mb="0" cb="0" />
      <line nr="1374" mi="0" ci="1" mb="0" cb="0" />
      <line nr="1375" mi="0" ci="2" mb="0" cb="0" />
      <line nr="1376" mi="0" ci="2" mb="0" cb="0" />
      <line nr="1377" mi="0" ci="1" mb="0" cb="0" />
      <line nr="1378" mi="0" ci="1" mb="0" cb="0" />
      <line nr="1383" mi="0" ci="1" mb="0" cb="0" />
      <line nr="1384" mi="0" ci="1" mb="0" cb="0" />
      <line nr="1385" mi="0" ci="1" mb="0" cb="0" />
      <line nr="1386" mi="0" ci="2" mb="0" cb="0" />
      <line nr="1387" mi="0" ci="1" mb="0" cb="0" />
      <line nr="1388" mi="0" ci="1" mb="0" cb="0" />
      <line nr="1392" mi="0" ci="1" mb="0" cb="0" />
      <line nr="1393" mi="0" ci="1" mb="0" cb="0" />
      <line nr="1395" mi="0" ci="1" mb="0" cb="0" />
      <line nr="1396" mi="0" ci="1" mb="0" cb="0" />
      <line nr="1398" mi="0" ci="1" mb="0" cb="0" />
      <line nr="1404" mi="0" ci="1" mb="0" cb="0" />
      <line nr="1405" mi="0" ci="1" mb="0" cb="0" />
      <line nr="1406" mi="0" ci="1" mb="0" cb="0" />
      <line nr="1407" mi="0" ci="2" mb="0" cb="0" />
      <line nr="1409" mi="0" ci="1" mb="0" cb="0" />
      <line nr="1427" mi="1" ci="1" mb="0" cb="0" />
      <line nr="1429" mi="0" ci="1" mb="0" cb="0" />
      <line nr="1430" mi="0" ci="1" mb="0" cb="0" />
      <line nr="1431" mi="1" ci="0" mb="0" cb="0" />
      <line nr="1434" mi="0" ci="1" mb="0" cb="0" />
      <line nr="1435" mi="1" ci="1" mb="0" cb="0" />
      <line nr="1437" mi="0" ci="1" mb="0" cb="0" />
      <line nr="1469" mi="0" ci="1" mb="0" cb="0" />
      <line nr="1470" mi="0" ci="1" mb="0" cb="0" />
      <line nr="1473" mi="0" ci="1" mb="0" cb="0" />
      <line nr="1474" mi="0" ci="2" mb="0" cb="0" />
      <line nr="1475" mi="2" ci="0" mb="0" cb="0" />
      <line nr="1478" mi="0" ci="1" mb="0" cb="0" />
      <line nr="1479" mi="0" ci="1" mb="0" cb="0" />
      <line nr="1480" mi="0" ci="1" mb="0" cb="0" />
      <line nr="1481" mi="2" ci="0" mb="0" cb="0" />
      <line nr="1483" mi="0" ci="1" mb="0" cb="0" />
      <line nr="1488" mi="0" ci="1" mb="0" cb="0" />
      <line nr="1489" mi="0" ci="2" mb="0" cb="0" />
      <line nr="1490" mi="0" ci="2" mb="0" cb="0" />
      <line nr="1496" mi="0" ci="1" mb="0" cb="0" />
      <line nr="1499" mi="0" ci="1" mb="0" cb="0" />
      <line nr="1503" mi="0" ci="3" mb="0" cb="0" />
      <line nr="1504" mi="0" ci="1" mb="0" cb="0" />
      <line nr="1506" mi="0" ci="2" mb="0" cb="0" />
      <line nr="1509" mi="0" ci="3" mb="0" cb="0" />
      <line nr="1510" mi="0" ci="1" mb="0" cb="0" />
      <line nr="1511" mi="0" ci="4" mb="0" cb="0" />
      <line nr="1514" mi="0" ci="2" mb="0" cb="0" />
      <line nr="1515" mi="0" ci="1" mb="0" cb="0" />
      <line nr="1520" mi="0" ci="2" mb="0" cb="0" />
      <line nr="1523" mi="0" ci="1" mb="0" cb="0" />
      <line nr="1524" mi="1" ci="1" mb="0" cb="0" />
      <line nr="1525" mi="0" ci="1" mb="0" cb="0" />
      <line nr="1526" mi="0" ci="1" mb="0" cb="0" />
      <line nr="1527" mi="4" ci="0" mb="0" cb="0" />
      <line nr="1530" mi="0" ci="1" mb="0" cb="0" />
      <line nr="1556" mi="0" ci="2" mb="0" cb="0" />
      <line nr="1595" mi="0" ci="2" mb="0" cb="0" />
      <line nr="1597" mi="2" ci="0" mb="0" cb="0" />
      <line nr="1600" mi="0" ci="2" mb="0" cb="0" />
      <line nr="1602" mi="0" ci="2" mb="0" cb="0" />
      <line nr="1603" mi="0" ci="3" mb="0" cb="0" />
      <line nr="1608" mi="0" ci="1" mb="0" cb="0" />
      <line nr="1638" mi="0" ci="1" mb="0" cb="0" />
      <line nr="1639" mi="0" ci="1" mb="0" cb="0" />
      <line nr="1645" mi="0" ci="1" mb="0" cb="0" />
      <line nr="1646" mi="0" ci="1" mb="0" cb="0" />
      <line nr="1649" mi="1" ci="0" mb="0" cb="0" />
      <line nr="1650" mi="1" ci="0" mb="0" cb="0" />
      <line nr="1652" mi="1" ci="0" mb="0" cb="0" />
      <line nr="1653" mi="1" ci="0" mb="0" cb="0" />
      <line nr="1656" mi="1" ci="0" mb="0" cb="0" />
      <line nr="1690" mi="0" ci="1" mb="0" cb="0" />
      <line nr="1691" mi="1" ci="1" mb="0" cb="0" />
      <line nr="1692" mi="0" ci="1" mb="0" cb="0" />
      <line nr="1695" mi="0" ci="3" mb="0" cb="0" />
      <line nr="1697" mi="0" ci="1" mb="0" cb="0" />
      <line nr="1736" mi="0" ci="2" mb="0" cb="0" />
      <line nr="1737" mi="0" ci="2" mb="0" cb="0" />
      <line nr="1738" mi="0" ci="1" mb="0" cb="0" />
      <line nr="1740" mi="0" ci="1" mb="0" cb="0" />
      <line nr="1743" mi="0" ci="1" mb="0" cb="0" />
      <line nr="1744" mi="0" ci="1" mb="0" cb="0" />
      <line nr="1745" mi="1" ci="1" mb="0" cb="0" />
      <line nr="1746" mi="0" ci="2" mb="0" cb="0" />
      <line nr="1748" mi="0" ci="3" mb="0" cb="0" />
      <line nr="1749" mi="0" ci="1" mb="0" cb="0" />
      <line nr="1750" mi="0" ci="2" mb="0" cb="0" />
      <line nr="1751" mi="0" ci="2" mb="0" cb="0" />
      <line nr="1755" mi="0" ci="1" mb="0" cb="0" />
      <line nr="1756" mi="0" ci="1" mb="0" cb="0" />
      <line nr="1757" mi="0" ci="1" mb="0" cb="0" />
      <line nr="1758" mi="0" ci="1" mb="0" cb="0" />
      <line nr="1759" mi="0" ci="1" mb="0" cb="0" />
      <line nr="1761" mi="0" ci="1" mb="0" cb="0" />
      <line nr="1762" mi="0" ci="1" mb="0" cb="0" />
      <line nr="1763" mi="0" ci="2" mb="0" cb="0" />
      <line nr="1765" mi="0" ci="2" mb="0" cb="0" />
      <line nr="1766" mi="0" ci="1" mb="0" cb="0" />
      <line nr="1770" mi="0" ci="1" mb="0" cb="0" />
      <line nr="1771" mi="0" ci="1" mb="0" cb="0" />
      <line nr="1772" mi="1" ci="1" mb="0" cb="0" />
      <line nr="1773" mi="0" ci="2" mb="0" cb="0" />
      <line nr="1775" mi="0" ci="3" mb="0" cb="0" />
      <line nr="1776" mi="0" ci="1" mb="0" cb="0" />
      <line nr="1777" mi="0" ci="1" mb="0" cb="0" />
      <line nr="1781" mi="1" ci="0" mb="0" cb="0" />
      <line nr="1815" mi="1" ci="2" mb="0" cb="0" />
      <line nr="1817" mi="0" ci="2" mb="0" cb="0" />
      <line nr="1818" mi="0" ci="2" mb="0" cb="0" />
      <line nr="1819" mi="2" ci="0" mb="0" cb="0" />
      <line nr="1822" mi="0" ci="2" mb="0" cb="0" />
      <line nr="1824" mi="0" ci="2" mb="0" cb="0" />
      <line nr="1825" mi="0" ci="1" mb="0" cb="0" />
      <line nr="1826" mi="0" ci="2" mb="0" cb="0" />
      <line nr="1827" mi="0" ci="1" mb="0" cb="0" />
      <line nr="1829" mi="1" ci="0" mb="0" cb="0" />
      <line nr="1833" mi="3" ci="0" mb="0" cb="0" />
      <line nr="1837" mi="0" ci="1" mb="0" cb="0" />
      <line nr="1869" mi="0" ci="1" mb="0" cb="0" />
      <line nr="1870" mi="0" ci="1" mb="0" cb="0" />
      <line nr="1873" mi="0" ci="2" mb="0" cb="0" />
      <line nr="1874" mi="0" ci="1" mb="0" cb="0" />
      <line nr="1875" mi="0" ci="1" mb="0" cb="0" />
      <line nr="1876" mi="3" ci="0" mb="0" cb="0" />
      <line nr="1879" mi="0" ci="1" mb="0" cb="0" />
      <line nr="1880" mi="0" ci="1" mb="0" cb="0" />
      <line nr="1881" mi="0" ci="5" mb="0" cb="0" />
      <line nr="1882" mi="0" ci="2" mb="0" cb="0" />
      <line nr="1883" mi="0" ci="1" mb="0" cb="0" />
      <line nr="1884" mi="0" ci="1" mb="0" cb="0" />
      <line nr="1885" mi="0" ci="1" mb="0" cb="0" />
      <line nr="1889" mi="0" ci="1" mb="0" cb="0" />
      <line nr="1890" mi="0" ci="3" mb="0" cb="0" />
      <line nr="1891" mi="0" ci="1" mb="0" cb="0" />
      <line nr="1892" mi="0" ci="1" mb="0" cb="0" />
      <line nr="1894" mi="0" ci="1" mb="0" cb="0" />
      <line nr="1895" mi="0" ci="1" mb="0" cb="0" />
      <line nr="1896" mi="0" ci="1" mb="0" cb="0" />
      <line nr="1899" mi="0" ci="1" mb="0" cb="0" />
      <line nr="1900" mi="0" ci="1" mb="0" cb="0" />
      <line nr="1901" mi="0" ci="2" mb="0" cb="0" />
      <line nr="1902" mi="0" ci="1" mb="0" cb="0" />
      <line nr="1905" mi="0" ci="1" mb="0" cb="0" />
      <line nr="1906" mi="0" ci="1" mb="0" cb="0" />
      <line nr="1907" mi="0" ci="1" mb="0" cb="0" />
      <line nr="1910" mi="0" ci="2" mb="0" cb="0" />
      <line nr="1911" mi="0" ci="1" mb="0" cb="0" />
      <line nr="1915" mi="0" ci="1" mb="0" cb="0" />
      <line nr="1916" mi="0" ci="1" mb="0" cb="0" />
      <line nr="1917" mi="0" ci="1" mb="0" cb="0" />
      <line nr="1921" mi="0" ci="1" mb="0" cb="0" />
      <line nr="1922" mi="0" ci="1" mb="0" cb="0" />
      <line nr="1924" mi="0" ci="1" mb="0" cb="0" />
      <line nr="1969" mi="0" ci="2" mb="0" cb="0" />
      <line nr="1970" mi="0" ci="2" mb="0" cb="0" />
      <line nr="1973" mi="0" ci="1" mb="0" cb="0" />
      <line nr="1979" mi="0" ci="1" mb="0" cb="0" />
      <line nr="1980" mi="0" ci="1" mb="0" cb="0" />
      <line nr="1983" mi="1" ci="0" mb="0" cb="0" />
      <line nr="1986" mi="0" ci="2" mb="0" cb="0" />
      <line nr="1987" mi="0" ci="2" mb="0" cb="0" />
      <line nr="1992" mi="0" ci="1" mb="0" cb="0" />
      <line nr="1993" mi="0" ci="1" mb="0" cb="0" />
      <line nr="1995" mi="1" ci="0" mb="0" cb="0" />
      <line nr="1996" mi="1" ci="0" mb="0" cb="0" />
      <line nr="1998" mi="1" ci="0" mb="0" cb="0" />
      <line nr="1999" mi="1" ci="0" mb="0" cb="0" />
      <line nr="2000" mi="1" ci="0" mb="0" cb="0" />
      <line nr="2001" mi="2" ci="0" mb="0" cb="0" />
      <line nr="2005" mi="1" ci="0" mb="0" cb="0" />
      <line nr="2008" mi="1" ci="0" mb="0" cb="0" />
      <line nr="2015" mi="0" ci="1" mb="0" cb="0" />
      <line nr="2016" mi="0" ci="2" mb="0" cb="0" />
      <line nr="2052" mi="0" ci="4" mb="0" cb="0" />
      <line nr="2055" mi="0" ci="1" mb="0" cb="0" />
      <line nr="2056" mi="0" ci="1" mb="0" cb="0" />
      <line nr="2057" mi="0" ci="1" mb="0" cb="0" />
      <line nr="2059" mi="0" ci="1" mb="0" cb="0" />
      <line nr="2061" mi="0" ci="1" mb="0" cb="0" />
      <line nr="2062" mi="0" ci="1" mb="0" cb="0" />
      <line nr="2063" mi="0" ci="1" mb="0" cb="0" />
      <line nr="2064" mi="0" ci="1" mb="0" cb="0" />
      <line nr="2066" mi="0" ci="1" mb="0" cb="0" />
      <line nr="2067" mi="0" ci="1" mb="0" cb="0" />
      <line nr="2069" mi="0" ci="1" mb="0" cb="0" />
      <line nr="2070" mi="1" ci="0" mb="0" cb="0" />
      <line nr="2072" mi="0" ci="1" mb="0" cb="0" />
      <line nr="2073" mi="0" ci="1" mb="0" cb="0" />
      <line nr="2075" mi="0" ci="4" mb="0" cb="0" />
      <line nr="2079" mi="0" ci="2" mb="0" cb="0" />
      <line nr="2080" mi="0" ci="1" mb="0" cb="0" />
      <line nr="2084" mi="0" ci="2" mb="0" cb="0" />
      <line nr="2085" mi="0" ci="1" mb="0" cb="0" />
      <line nr="2091" mi="0" ci="1" mb="0" cb="0" />
      <line nr="2092" mi="0" ci="1" mb="0" cb="0" />
      <line nr="2094" mi="0" ci="1" mb="0" cb="0" />
      <line nr="2098" mi="0" ci="2" mb="0" cb="0" />
      <line nr="2099" mi="0" ci="2" mb="0" cb="0" />
      <line nr="2100" mi="0" ci="2" mb="0" cb="0" />
      <line nr="2104" mi="1" ci="0" mb="0" cb="0" />
      <line nr="2126" mi="0" ci="1" mb="0" cb="0" />
      <line nr="2127" mi="1" ci="0" mb="0" cb="0" />
      <line nr="2128" mi="0" ci="1" mb="0" cb="0" />
      <line nr="2130" mi="1" ci="0" mb="0" cb="0" />
      <line nr="2131" mi="1" ci="0" mb="0" cb="0" />
      <line nr="2134" mi="1" ci="0" mb="0" cb="0" />
      <line nr="2171" mi="0" ci="1" mb="0" cb="0" />
      <line nr="2172" mi="0" ci="1" mb="0" cb="0" />
      <line nr="2173" mi="0" ci="1" mb="0" cb="0" />
      <line nr="2174" mi="0" ci="1" mb="0" cb="0" />
      <line nr="2175" mi="0" ci="1" mb="0" cb="0" />
      <line nr="2176" mi="0" ci="1" mb="0" cb="0" />
      <line nr="2178" mi="0" ci="1" mb="0" cb="0" />
      <line nr="2180" mi="1" ci="0" mb="0" cb="0" />
      <line nr="2181" mi="1" ci="0" mb="0" cb="0" />
      <line nr="2182" mi="1" ci="0" mb="0" cb="0" />
      <line nr="2183" mi="1" ci="0" mb="0" cb="0" />
      <line nr="2185" mi="2" ci="0" mb="0" cb="0" />
      <line nr="2186" mi="1" ci="0" mb="0" cb="0" />
      <line nr="2187" mi="1" ci="0" mb="0" cb="0" />
      <line nr="2190" mi="1" ci="0" mb="0" cb="0" />
      <line nr="2194" mi="1" ci="0" mb="0" cb="0" />
      <line nr="2195" mi="1" ci="0" mb="0" cb="0" />
      <line nr="2196" mi="1" ci="0" mb="0" cb="0" />
      <line nr="2197" mi="1" ci="0" mb="0" cb="0" />
      <line nr="2203" mi="0" ci="1" mb="0" cb="0" />
      <line nr="2204" mi="0" ci="2" mb="0" cb="0" />
      <line nr="2205" mi="0" ci="2" mb="0" cb="0" />
      <line nr="2208" mi="0" ci="1" mb="0" cb="0" />
      <line nr="2209" mi="0" ci="1" mb="0" cb="0" />
      <line nr="2211" mi="0" ci="1" mb="0" cb="0" />
      <line nr="2212" mi="0" ci="1" mb="0" cb="0" />
      <line nr="2213" mi="0" ci="2" mb="0" cb="0" />
      <line nr="2214" mi="0" ci="1" mb="0" cb="0" />
      <line nr="2215" mi="0" ci="1" mb="0" cb="0" />
      <line nr="2216" mi="0" ci="1" mb="0" cb="0" />
      <line nr="2218" mi="1" ci="0" mb="0" cb="0" />
      <line nr="2219" mi="2" ci="0" mb="0" cb="0" />
      <line nr="2220" mi="1" ci="0" mb="0" cb="0" />
      <line nr="2221" mi="1" ci="0" mb="0" cb="0" />
      <line nr="2222" mi="1" ci="0" mb="0" cb="0" />
      <line nr="2223" mi="1" ci="0" mb="0" cb="0" />
      <line nr="2224" mi="1" ci="0" mb="0" cb="0" />
      <line nr="2227" mi="2" ci="0" mb="0" cb="0" />
      <line nr="2231" mi="1" ci="0" mb="0" cb="0" />
      <line nr="2232" mi="2" ci="0" mb="0" cb="0" />
      <line nr="2233" mi="1" ci="0" mb="0" cb="0" />
      <line nr="2234" mi="1" ci="0" mb="0" cb="0" />
      <line nr="2238" mi="0" ci="1" mb="0" cb="0" />
      <line nr="2239" mi="0" ci="1" mb="0" cb="0" />
      <line nr="2240" mi="0" ci="1" mb="0" cb="0" />
      <line nr="2241" mi="0" ci="1" mb="0" cb="0" />
      <line nr="2243" mi="2" ci="0" mb="0" cb="0" />
      <line nr="2244" mi="1" ci="0" mb="0" cb="0" />
      <line nr="2245" mi="1" ci="0" mb="0" cb="0" />
      <line nr="2246" mi="1" ci="0" mb="0" cb="0" />
      <line nr="2247" mi="1" ci="0" mb="0" cb="0" />
      <line nr="2248" mi="1" ci="0" mb="0" cb="0" />
      <line nr="2249" mi="1" ci="0" mb="0" cb="0" />
      <line nr="2253" mi="3" ci="0" mb="0" cb="0" />
      <line nr="2258" mi="1" ci="0" mb="0" cb="0" />
      <line nr="2261" mi="2" ci="0" mb="0" cb="0" />
      <line nr="2262" mi="1" ci="0" mb="0" cb="0" />
      <line nr="2263" mi="4" ci="0" mb="0" cb="0" />
      <line nr="2266" mi="1" ci="0" mb="0" cb="0" />
      <line nr="2267" mi="3" ci="0" mb="0" cb="0" />
      <line nr="2268" mi="1" ci="0" mb="0" cb="0" />
      <line nr="2271" mi="1" ci="0" mb="0" cb="0" />
      <line nr="2272" mi="1" ci="0" mb="0" cb="0" />
      <line nr="2273" mi="1" ci="0" mb="0" cb="0" />
      <line nr="2274" mi="1" ci="0" mb="0" cb="0" />
      <line nr="2275" mi="1" ci="0" mb="0" cb="0" />
      <line nr="2277" mi="1" ci="0" mb="0" cb="0" />
      <line nr="2278" mi="1" ci="0" mb="0" cb="0" />
      <line nr="2281" mi="2" ci="0" mb="0" cb="0" />
      <line nr="2282" mi="1" ci="0" mb="0" cb="0" />
      <line nr="2283" mi="1" ci="0" mb="0" cb="0" />
      <line nr="2284" mi="1" ci="0" mb="0" cb="0" />
      <line nr="2285" mi="1" ci="0" mb="0" cb="0" />
      <line nr="2287" mi="2" ci="0" mb="0" cb="0" />
      <line nr="2290" mi="3" ci="0" mb="0" cb="0" />
      <line nr="2291" mi="1" ci="0" mb="0" cb="0" />
      <line nr="2295" mi="0" ci="1" mb="0" cb="0" />
      <line nr="2297" mi="0" ci="1" mb="0" cb="0" />
      <line nr="2298" mi="0" ci="1" mb="0" cb="0" />
      <line nr="2299" mi="0" ci="1" mb="0" cb="0" />
      <line nr="2300" mi="0" ci="1" mb="0" cb="0" />
      <line nr="2302" mi="0" ci="1" mb="0" cb="0" />
      <line nr="2303" mi="0" ci="1" mb="0" cb="0" />
      <line nr="2304" mi="0" ci="1" mb="0" cb="0" />
      <line nr="2305" mi="0" ci="1" mb="0" cb="0" />
      <line nr="2306" mi="0" ci="1" mb="0" cb="0" />
      <line nr="2312" mi="2" ci="0" mb="0" cb="0" />
      <line nr="2316" mi="0" ci="1" mb="0" cb="0" />
      <line nr="2317" mi="1" ci="0" mb="0" cb="0" />
      <line nr="2320" mi="0" ci="1" mb="0" cb="0" />
      <line nr="2321" mi="0" ci="1" mb="0" cb="0" />
      <line nr="2322" mi="0" ci="1" mb="0" cb="0" />
      <line nr="2323" mi="0" ci="1" mb="0" cb="0" />
      <line nr="2324" mi="0" ci="1" mb="0" cb="0" />
      <line nr="2325" mi="0" ci="1" mb="0" cb="0" />
      <line nr="2326" mi="0" ci="1" mb="0" cb="0" />
      <line nr="2327" mi="0" ci="1" mb="0" cb="0" />
      <line nr="2412" mi="0" ci="1" mb="0" cb="0" />
      <line nr="2413" mi="1" ci="1" mb="0" cb="0" />
      <line nr="2415" mi="0" ci="1" mb="0" cb="0" />
      <line nr="2416" mi="2" ci="0" mb="0" cb="0" />
      <line nr="2422" mi="0" ci="5" mb="0" cb="0" />
      <line nr="2424" mi="0" ci="1" mb="0" cb="0" />
      <line nr="2425" mi="0" ci="2" mb="0" cb="0" />
      <line nr="2430" mi="2" ci="3" mb="0" cb="0" />
      <line nr="2431" mi="0" ci="1" mb="0" cb="0" />
      <line nr="2433" mi="0" ci="1" mb="0" cb="0" />
      <line nr="2434" mi="0" ci="2" mb="0" cb="0" />
      <line nr="2436" mi="0" ci="1" mb="0" cb="0" />
      <line nr="2437" mi="2" ci="0" mb="0" cb="0" />
      <line nr="2438" mi="1" ci="0" mb="0" cb="0" />
      <line nr="2441" mi="0" ci="1" mb="0" cb="0" />
      <line nr="2442" mi="3" ci="0" mb="0" cb="0" />
      <line nr="2443" mi="1" ci="0" mb="0" cb="0" />
      <line nr="2445" mi="1" ci="0" mb="0" cb="0" />
      <line nr="2448" mi="0" ci="1" mb="0" cb="0" />
      <line nr="2449" mi="0" ci="1" mb="0" cb="0" />
      <line nr="2450" mi="0" ci="1" mb="0" cb="0" />
      <line nr="2451" mi="0" ci="1" mb="0" cb="0" />
      <line nr="2453" mi="0" ci="1" mb="0" cb="0" />
      <line nr="2455" mi="0" ci="1" mb="0" cb="0" />
      <line nr="2458" mi="0" ci="1" mb="0" cb="0" />
      <line nr="2459" mi="3" ci="0" mb="0" cb="0" />
      <line nr="2462" mi="0" ci="2" mb="0" cb="0" />
      <line nr="2463" mi="0" ci="5" mb="0" cb="0" />
      <line nr="2465" mi="0" ci="1" mb="0" cb="0" />
      <line nr="2466" mi="0" ci="1" mb="0" cb="0" />
      <line nr="2467" mi="0" ci="1" mb="0" cb="0" />
      <line nr="2469" mi="0" ci="1" mb="0" cb="0" />
      <line nr="2470" mi="0" ci="2" mb="0" cb="0" />
      <line nr="2471" mi="0" ci="1" mb="0" cb="0" />
      <line nr="2473" mi="0" ci="1" mb="0" cb="0" />
      <line nr="2477" mi="0" ci="1" mb="0" cb="0" />
      <line nr="2478" mi="1" ci="0" mb="0" cb="0" />
      <line nr="2479" mi="2" ci="0" mb="0" cb="0" />
      <line nr="2480" mi="1" ci="0" mb="0" cb="0" />
      <line nr="2483" mi="1" ci="0" mb="0" cb="0" />
      <line nr="2484" mi="3" ci="0" mb="0" cb="0" />
      <line nr="2485" mi="2" ci="0" mb="0" cb="0" />
      <line nr="2487" mi="1" ci="0" mb="0" cb="0" />
      <line nr="2489" mi="2" ci="0" mb="0" cb="0" />
      <line nr="2490" mi="1" ci="0" mb="0" cb="0" />
      <line nr="2495" mi="0" ci="1" mb="0" cb="0" />
      <line nr="2496" mi="0" ci="1" mb="0" cb="0" />
      <line nr="2499" mi="0" ci="1" mb="0" cb="0" />
      <line nr="2568" mi="0" ci="1" mb="0" cb="0" />
      <line nr="2569" mi="0" ci="1" mb="0" cb="0" />
      <line nr="2570" mi="2" ci="0" mb="0" cb="0" />
      <line nr="2573" mi="0" ci="1" mb="0" cb="0" />
      <line nr="2577" mi="0" ci="1" mb="0" cb="0" />
      <line nr="2578" mi="0" ci="2" mb="0" cb="0" />
      <line nr="2581" mi="0" ci="1" mb="0" cb="0" />
      <line nr="2582" mi="0" ci="1" mb="0" cb="0" />
      <line nr="2583" mi="0" ci="1" mb="0" cb="0" />
      <line nr="2584" mi="0" ci="1" mb="0" cb="0" />
      <line nr="2585" mi="0" ci="1" mb="0" cb="0" />
      <line nr="2586" mi="0" ci="1" mb="0" cb="0" />
      <line nr="2590" mi="0" ci="1" mb="0" cb="0" />
      <line nr="2591" mi="0" ci="1" mb="0" cb="0" />
      <line nr="2592" mi="0" ci="1" mb="0" cb="0" />
      <line nr="2594" mi="0" ci="1" mb="0" cb="0" />
      <line nr="2596" mi="0" ci="2" mb="0" cb="0" />
      <line nr="2599" mi="0" ci="1" mb="0" cb="0" />
      <line nr="2600" mi="0" ci="1" mb="0" cb="0" />
      <line nr="2603" mi="0" ci="1" mb="0" cb="0" />
      <line nr="2604" mi="0" ci="2" mb="0" cb="0" />
      <line nr="2605" mi="2" ci="0" mb="0" cb="0" />
      <line nr="2608" mi="0" ci="1" mb="0" cb="0" />
      <line nr="2611" mi="0" ci="1" mb="0" cb="0" />
      <line nr="2613" mi="0" ci="1" mb="0" cb="0" />
      <line nr="2615" mi="1" ci="0" mb="0" cb="0" />
      <line nr="2618" mi="0" ci="1" mb="0" cb="0" />
      <line nr="2621" mi="0" ci="1" mb="0" cb="0" />
      <line nr="2623" mi="0" ci="1" mb="0" cb="0" />
      <line nr="2624" mi="0" ci="1" mb="0" cb="0" />
      <line nr="2627" mi="0" ci="1" mb="0" cb="0" />
      <line nr="2659" mi="0" ci="1" mb="0" cb="0" />
      <line nr="2660" mi="0" ci="1" mb="0" cb="0" />
      <line nr="2661" mi="0" ci="1" mb="0" cb="0" />
      <line nr="2675" mi="1" ci="0" mb="0" cb="0" />
      <line nr="2676" mi="1" ci="0" mb="0" cb="0" />
      <line nr="2677" mi="1" ci="0" mb="0" cb="0" />
      <line nr="2679" mi="1" ci="0" mb="0" cb="0" />
      <line nr="2680" mi="1" ci="0" mb="0" cb="0" />
      <line nr="2681" mi="1" ci="0" mb="0" cb="0" />
      <line nr="2682" mi="1" ci="0" mb="0" cb="0" />
      <line nr="2683" mi="1" ci="0" mb="0" cb="0" />
      <line nr="2684" mi="1" ci="0" mb="0" cb="0" />
      <line nr="2685" mi="1" ci="0" mb="0" cb="0" />
      <line nr="2686" mi="1" ci="0" mb="0" cb="0" />
      <line nr="2687" mi="1" ci="0" mb="0" cb="0" />
      <line nr="2688" mi="1" ci="0" mb="0" cb="0" />
      <line nr="2689" mi="3" ci="0" mb="0" cb="0" />
      <line nr="2690" mi="3" ci="0" mb="0" cb="0" />
      <line nr="2694" mi="0" ci="1" mb="0" cb="0" />
      <line nr="2696" mi="0" ci="1" mb="0" cb="0" />
      <line nr="2697" mi="0" ci="2" mb="0" cb="0" />
      <line nr="2698" mi="2" ci="0" mb="0" cb="0" />
      <line nr="2699" mi="1" ci="0" mb="0" cb="0" />
      <line nr="2700" mi="1" ci="0" mb="0" cb="0" />
      <line nr="2701" mi="1" ci="0" mb="0" cb="0" />
      <line nr="2702" mi="1" ci="0" mb="0" cb="0" />
      <line nr="2703" mi="3" ci="0" mb="0" cb="0" />
      <line nr="2704" mi="1" ci="0" mb="0" cb="0" />
      <line nr="2706" mi="1" ci="0" mb="0" cb="0" />
      <line nr="2709" mi="0" ci="2" mb="0" cb="0" />
      <line nr="2710" mi="2" ci="0" mb="0" cb="0" />
      <line nr="2711" mi="1" ci="0" mb="0" cb="0" />
      <line nr="2712" mi="2" ci="0" mb="0" cb="0" />
      <line nr="2714" mi="1" ci="0" mb="0" cb="0" />
      <line nr="2715" mi="2" ci="0" mb="0" cb="0" />
      <line nr="2716" mi="1" ci="0" mb="0" cb="0" />
      <line nr="2717" mi="3" ci="0" mb="0" cb="0" />
      <line nr="2718" mi="2" ci="0" mb="0" cb="0" />
      <line nr="2722" mi="0" ci="1" mb="0" cb="0" />
      <line nr="2723" mi="0" ci="1" mb="0" cb="0" />
      <line nr="2724" mi="1" ci="0" mb="0" cb="0" />
      <line nr="2725" mi="2" ci="0" mb="0" cb="0" />
      <line nr="2730" mi="0" ci="1" mb="0" cb="0" />
      <line nr="2731" mi="0" ci="1" mb="0" cb="0" />
      <line nr="2732" mi="1" ci="0" mb="0" cb="0" />
      <line nr="2736" mi="0" ci="2" mb="0" cb="0" />
      <line nr="2737" mi="0" ci="1" mb="0" cb="0" />
      <line nr="2738" mi="1" ci="1" mb="0" cb="0" />
      <line nr="2739" mi="0" ci="2" mb="0" cb="0" />
      <line nr="2741" mi="0" ci="1" mb="0" cb="0" />
      <line nr="2743" mi="0" ci="1" mb="0" cb="0" />
      <line nr="2746" mi="0" ci="1" mb="0" cb="0" />
      <line nr="2747" mi="0" ci="1" mb="0" cb="0" />
      <line nr="2748" mi="0" ci="2" mb="0" cb="0" />
      <line nr="2749" mi="0" ci="1" mb="0" cb="0" />
      <line nr="2750" mi="0" ci="1" mb="0" cb="0" />
      <line nr="2753" mi="1" ci="0" mb="0" cb="0" />
      <line nr="2754" mi="1" ci="0" mb="0" cb="0" />
      <line nr="2755" mi="1" ci="0" mb="0" cb="0" />
      <line nr="2757" mi="2" ci="0" mb="0" cb="0" />
      <line nr="2758" mi="3" ci="0" mb="0" cb="0" />
      <line nr="2759" mi="1" ci="0" mb="0" cb="0" />
      <line nr="2760" mi="1" ci="0" mb="0" cb="0" />
      <line nr="2761" mi="1" ci="0" mb="0" cb="0" />
      <line nr="2762" mi="1" ci="0" mb="0" cb="0" />
      <line nr="2763" mi="1" ci="0" mb="0" cb="0" />
      <line nr="2764" mi="1" ci="0" mb="0" cb="0" />
      <line nr="2766" mi="2" ci="0" mb="0" cb="0" />
      <line nr="2767" mi="1" ci="0" mb="0" cb="0" />
      <line nr="2768" mi="1" ci="0" mb="0" cb="0" />
      <line nr="2771" mi="2" ci="0" mb="0" cb="0" />
      <line nr="2772" mi="1" ci="0" mb="0" cb="0" />
      <line nr="2773" mi="1" ci="0" mb="0" cb="0" />
      <line nr="2775" mi="1" ci="0" mb="0" cb="0" />
      <line nr="2776" mi="1" ci="0" mb="0" cb="0" />
      <line nr="2778" mi="1" ci="0" mb="0" cb="0" />
      <line nr="2779" mi="1" ci="0" mb="0" cb="0" />
      <line nr="2781" mi="1" ci="0" mb="0" cb="0" />
      <line nr="2782" mi="1" ci="0" mb="0" cb="0" />
      <line nr="2784" mi="1" ci="0" mb="0" cb="0" />
      <line nr="2785" mi="1" ci="0" mb="0" cb="0" />
      <line nr="2788" mi="1" ci="0" mb="0" cb="0" />
      <line nr="2793" mi="1" ci="0" mb="0" cb="0" />
      <line nr="2794" mi="1" ci="0" mb="0" cb="0" />
      <line nr="2795" mi="1" ci="0" mb="0" cb="0" />
      <line nr="2796" mi="1" ci="0" mb="0" cb="0" />
      <line nr="2797" mi="1" ci="0" mb="0" cb="0" />
      <line nr="2800" mi="2" ci="0" mb="0" cb="0" />
      <line nr="2802" mi="1" ci="0" mb="0" cb="0" />
      <line nr="2803" mi="1" ci="0" mb="0" cb="0" />
      <line nr="2804" mi="1" ci="0" mb="0" cb="0" />
      <line nr="2807" mi="1" ci="0" mb="0" cb="0" />
      <line nr="2811" mi="1" ci="0" mb="0" cb="0" />
      <line nr="2819" mi="1" ci="0" mb="0" cb="0" />
      <line nr="2823" mi="0" ci="1" mb="0" cb="0" />
      <line nr="2855" mi="0" ci="1" mb="0" cb="0" />
      <line nr="2856" mi="0" ci="2" mb="0" cb="0" />
      <line nr="2858" mi="0" ci="1" mb="0" cb="0" />
      <line nr="2859" mi="1" ci="1" mb="0" cb="0" />
      <line nr="2860" mi="0" ci="2" mb="0" cb="0" />
      <line nr="2862" mi="0" ci="1" mb="0" cb="0" />
      <line nr="2864" mi="0" ci="1" mb="0" cb="0" />
      <line nr="2868" mi="0" ci="1" mb="0" cb="0" />
      <line nr="2869" mi="0" ci="1" mb="0" cb="0" />
      <line nr="2870" mi="0" ci="1" mb="0" cb="0" />
      <line nr="2871" mi="0" ci="1" mb="0" cb="0" />
      <line nr="2872" mi="0" ci="1" mb="0" cb="0" />
      <line nr="2873" mi="0" ci="1" mb="0" cb="0" />
      <line nr="2875" mi="0" ci="1" mb="0" cb="0" />
      <line nr="2876" mi="1" ci="0" mb="0" cb="0" />
      <line nr="2879" mi="0" ci="1" mb="0" cb="0" />
      <line nr="2884" mi="0" ci="1" mb="0" cb="0" />
      <line nr="2885" mi="0" ci="1" mb="0" cb="0" />
      <line nr="2886" mi="0" ci="3" mb="0" cb="0" />
      <line nr="2887" mi="0" ci="1" mb="0" cb="0" />
      <line nr="2888" mi="0" ci="1" mb="0" cb="0" />
      <line nr="2889" mi="0" ci="2" mb="0" cb="0" />
      <line nr="2890" mi="0" ci="1" mb="0" cb="0" />
      <line nr="2891" mi="0" ci="1" mb="0" cb="0" />
      <line nr="2892" mi="0" ci="1" mb="0" cb="0" />
      <line nr="2897" mi="0" ci="1" mb="0" cb="0" />
      <line nr="2898" mi="0" ci="1" mb="0" cb="0" />
      <line nr="2900" mi="0" ci="1" mb="0" cb="0" />
      <line nr="2901" mi="1" ci="0" mb="0" cb="0" />
      <line nr="2902" mi="1" ci="0" mb="0" cb="0" />
      <line nr="2903" mi="1" ci="0" mb="0" cb="0" />
      <line nr="2904" mi="1" ci="0" mb="0" cb="0" />
      <line nr="2905" mi="1" ci="0" mb="0" cb="0" />
      <line nr="2910" mi="0" ci="1" mb="0" cb="0" />
      <line nr="2911" mi="0" ci="1" mb="0" cb="0" />
      <line nr="2912" mi="0" ci="1" mb="0" cb="0" />
      <line nr="2915" mi="0" ci="1" mb="0" cb="0" />
      <line nr="2916" mi="0" ci="1" mb="0" cb="0" />
      <line nr="2917" mi="0" ci="1" mb="0" cb="0" />
      <line nr="2918" mi="0" ci="1" mb="0" cb="0" />
      <line nr="2919" mi="0" ci="1" mb="0" cb="0" />
      <line nr="2920" mi="0" ci="1" mb="0" cb="0" />
      <line nr="2921" mi="0" ci="1" mb="0" cb="0" />
      <line nr="2922" mi="0" ci="1" mb="0" cb="0" />
      <line nr="2923" mi="0" ci="1" mb="0" cb="0" />
      <line nr="2924" mi="0" ci="1" mb="0" cb="0" />
      <line nr="2925" mi="0" ci="1" mb="0" cb="0" />
      <line nr="2926" mi="0" ci="1" mb="0" cb="0" />
      <line nr="2927" mi="0" ci="1" mb="0" cb="0" />
      <line nr="2928" mi="0" ci="1" mb="0" cb="0" />
      <line nr="2929" mi="0" ci="1" mb="0" cb="0" />
      <line nr="2930" mi="0" ci="1" mb="0" cb="0" />
      <line nr="2931" mi="0" ci="1" mb="0" cb="0" />
      <line nr="2973" mi="0" ci="1" mb="0" cb="0" />
      <line nr="2974" mi="0" ci="2" mb="0" cb="0" />
      <line nr="2977" mi="0" ci="1" mb="0" cb="0" />
      <line nr="2978" mi="0" ci="1" mb="0" cb="0" />
      <line nr="2979" mi="1" ci="1" mb="0" cb="0" />
      <line nr="2980" mi="0" ci="2" mb="0" cb="0" />
      <line nr="2981" mi="0" ci="1" mb="0" cb="0" />
      <line nr="2983" mi="0" ci="1" mb="0" cb="0" />
      <line nr="2984" mi="0" ci="1" mb="0" cb="0" />
      <line nr="2986" mi="0" ci="1" mb="0" cb="0" />
      <line nr="2990" mi="0" ci="1" mb="0" cb="0" />
      <line nr="2991" mi="1" ci="1" mb="0" cb="0" />
      <line nr="2992" mi="0" ci="2" mb="0" cb="0" />
      <line nr="2994" mi="0" ci="1" mb="0" cb="0" />
      <line nr="2996" mi="0" ci="1" mb="0" cb="0" />
      <line nr="2999" mi="0" ci="1" mb="0" cb="0" />
      <line nr="3000" mi="0" ci="1" mb="0" cb="0" />
      <line nr="3001" mi="0" ci="1" mb="0" cb="0" />
      <line nr="3003" mi="0" ci="2" mb="0" cb="0" />
      <line nr="3004" mi="1" ci="2" mb="0" cb="0" />
      <line nr="3008" mi="0" ci="1" mb="0" cb="0" />
      <line nr="3009" mi="0" ci="1" mb="0" cb="0" />
      <line nr="3010" mi="0" ci="1" mb="0" cb="0" />
      <line nr="3011" mi="1" ci="0" mb="0" cb="0" />
      <line nr="3012" mi="1" ci="0" mb="0" cb="0" />
      <line nr="3015" mi="0" ci="1" mb="0" cb="0" />
      <line nr="3016" mi="0" ci="1" mb="0" cb="0" />
      <line nr="3021" mi="0" ci="1" mb="0" cb="0" />
      <line nr="3023" mi="0" ci="1" mb="0" cb="0" />
      <line nr="3024" mi="0" ci="1" mb="0" cb="0" />
      <line nr="3025" mi="0" ci="1" mb="0" cb="0" />
      <line nr="3026" mi="0" ci="1" mb="0" cb="0" />
      <line nr="3027" mi="0" ci="1" mb="0" cb="0" />
      <line nr="3028" mi="0" ci="1" mb="0" cb="0" />
      <line nr="3029" mi="0" ci="1" mb="0" cb="0" />
      <line nr="3030" mi="0" ci="1" mb="0" cb="0" />
      <line nr="3031" mi="0" ci="1" mb="0" cb="0" />
      <line nr="3032" mi="0" ci="1" mb="0" cb="0" />
      <line nr="3033" mi="0" ci="1" mb="0" cb="0" />
      <line nr="3034" mi="0" ci="1" mb="0" cb="0" />
      <line nr="3035" mi="0" ci="1" mb="0" cb="0" />
      <line nr="3036" mi="0" ci="1" mb="0" cb="0" />
      <line nr="3037" mi="0" ci="1" mb="0" cb="0" />
      <line nr="3079" mi="0" ci="1" mb="0" cb="0" />
      <line nr="3081" mi="1" ci="2" mb="0" cb="0" />
      <line nr="3082" mi="0" ci="2" mb="0" cb="0" />
      <line nr="3083" mi="0" ci="2" mb="0" cb="0" />
      <line nr="3084" mi="0" ci="2" mb="0" cb="0" />
      <line nr="3085" mi="0" ci="2" mb="0" cb="0" />
      <line nr="3086" mi="0" ci="2" mb="0" cb="0" />
      <line nr="3087" mi="0" ci="2" mb="0" cb="0" />
      <line nr="3088" mi="0" ci="1" mb="0" cb="0" />
      <line nr="3090" mi="0" ci="1" mb="0" cb="0" />
      <line nr="3091" mi="0" ci="1" mb="0" cb="0" />
      <line nr="3093" mi="0" ci="1" mb="0" cb="0" />
      <line nr="3094" mi="0" ci="2" mb="0" cb="0" />
      <line nr="3095" mi="0" ci="1" mb="0" cb="0" />
      <line nr="3096" mi="0" ci="1" mb="0" cb="0" />
      <line nr="3097" mi="0" ci="1" mb="0" cb="0" />
      <line nr="3098" mi="0" ci="1" mb="0" cb="0" />
      <line nr="3099" mi="0" ci="1" mb="0" cb="0" />
      <line nr="3100" mi="0" ci="1" mb="0" cb="0" />
      <line nr="3101" mi="0" ci="1" mb="0" cb="0" />
      <line nr="3102" mi="0" ci="1" mb="0" cb="0" />
      <line nr="3104" mi="0" ci="1" mb="0" cb="0" />
      <line nr="3105" mi="0" ci="1" mb="0" cb="0" />
      <line nr="3108" mi="0" ci="1" mb="0" cb="0" />
      <line nr="3109" mi="0" ci="2" mb="0" cb="0" />
      <line nr="3110" mi="0" ci="1" mb="0" cb="0" />
      <line nr="3111" mi="0" ci="1" mb="0" cb="0" />
      <line nr="3112" mi="0" ci="1" mb="0" cb="0" />
      <line nr="3113" mi="0" ci="1" mb="0" cb="0" />
      <line nr="3114" mi="0" ci="1" mb="0" cb="0" />
      <line nr="3115" mi="0" ci="1" mb="0" cb="0" />
      <line nr="3116" mi="0" ci="1" mb="0" cb="0" />
      <line nr="3117" mi="0" ci="1" mb="0" cb="0" />
      <line nr="3119" mi="0" ci="1" mb="0" cb="0" />
      <line nr="3122" mi="0" ci="1" mb="0" cb="0" />
      <line nr="3123" mi="0" ci="2" mb="0" cb="0" />
      <line nr="3124" mi="0" ci="1" mb="0" cb="0" />
      <line nr="3125" mi="0" ci="1" mb="0" cb="0" />
      <line nr="3126" mi="0" ci="1" mb="0" cb="0" />
      <line nr="3127" mi="0" ci="1" mb="0" cb="0" />
      <line nr="3128" mi="0" ci="1" mb="0" cb="0" />
      <line nr="3129" mi="0" ci="1" mb="0" cb="0" />
      <line nr="3130" mi="0" ci="1" mb="0" cb="0" />
      <line nr="3131" mi="0" ci="1" mb="0" cb="0" />
      <line nr="3133" mi="0" ci="1" mb="0" cb="0" />
      <line nr="3136" mi="0" ci="1" mb="0" cb="0" />
      <line nr="3137" mi="0" ci="1" mb="0" cb="0" />
      <line nr="3138" mi="0" ci="1" mb="0" cb="0" />
      <line nr="3139" mi="0" ci="1" mb="0" cb="0" />
      <line nr="3142" mi="0" ci="1" mb="0" cb="0" />
      <line nr="3143" mi="0" ci="1" mb="0" cb="0" />
      <line nr="3144" mi="0" ci="1" mb="0" cb="0" />
      <line nr="3148" mi="0" ci="2" mb="0" cb="0" />
      <line nr="3150" mi="0" ci="1" mb="0" cb="0" />
      <line nr="3151" mi="0" ci="1" mb="0" cb="0" />
      <line nr="3152" mi="0" ci="1" mb="0" cb="0" />
      <line nr="3154" mi="0" ci="1" mb="0" cb="0" />
      <line nr="3155" mi="0" ci="1" mb="0" cb="0" />
      <line nr="3156" mi="0" ci="1" mb="0" cb="0" />
      <line nr="3157" mi="0" ci="1" mb="0" cb="0" />
      <line nr="3158" mi="0" ci="1" mb="0" cb="0" />
      <line nr="3159" mi="0" ci="1" mb="0" cb="0" />
      <line nr="3160" mi="0" ci="1" mb="0" cb="0" />
      <line nr="3161" mi="0" ci="1" mb="0" cb="0" />
      <line nr="3162" mi="0" ci="1" mb="0" cb="0" />
      <line nr="3163" mi="0" ci="1" mb="0" cb="0" />
      <line nr="3165" mi="0" ci="1" mb="0" cb="0" />
      <line nr="3168" mi="0" ci="1" mb="0" cb="0" />
      <line nr="3172" mi="0" ci="1" mb="0" cb="0" />
      <line nr="3173" mi="0" ci="1" mb="0" cb="0" />
      <line nr="3174" mi="1" ci="0" mb="0" cb="0" />
      <line nr="3176" mi="0" ci="1" mb="0" cb="0" />
      <line nr="3179" mi="0" ci="1" mb="0" cb="0" />
      <line nr="3180" mi="0" ci="1" mb="0" cb="0" />
      <line nr="3181" mi="1" ci="0" mb="0" cb="0" />
      <line nr="3185" mi="0" ci="1" mb="0" cb="0" />
      <line nr="3186" mi="0" ci="1" mb="0" cb="0" />
      <line nr="3189" mi="0" ci="1" mb="0" cb="0" />
      <line nr="3190" mi="0" ci="1" mb="0" cb="0" />
      <line nr="3191" mi="0" ci="1" mb="0" cb="0" />
      <line nr="3192" mi="0" ci="1" mb="0" cb="0" />
      <line nr="3193" mi="0" ci="1" mb="0" cb="0" />
      <line nr="3194" mi="0" ci="1" mb="0" cb="0" />
      <line nr="3195" mi="0" ci="1" mb="0" cb="0" />
      <line nr="3196" mi="0" ci="1" mb="0" cb="0" />
      <line nr="3197" mi="0" ci="1" mb="0" cb="0" />
      <line nr="3198" mi="0" ci="1" mb="0" cb="0" />
      <line nr="3199" mi="1" ci="2" mb="0" cb="0" />
      <line nr="3200" mi="0" ci="1" mb="0" cb="0" />
      <line nr="3201" mi="0" ci="1" mb="0" cb="0" />
      <line nr="3202" mi="0" ci="1" mb="0" cb="0" />
      <line nr="3203" mi="0" ci="1" mb="0" cb="0" />
      <line nr="3208" mi="0" ci="1" mb="0" cb="0" />
      <line nr="3209" mi="0" ci="1" mb="0" cb="0" />
      <line nr="3210" mi="0" ci="1" mb="0" cb="0" />
      <line nr="3211" mi="0" ci="1" mb="0" cb="0" />
      <line nr="3212" mi="0" ci="1" mb="0" cb="0" />
      <line nr="3213" mi="0" ci="1" mb="0" cb="0" />
      <line nr="3214" mi="0" ci="3" mb="0" cb="0" />
      <line nr="3215" mi="0" ci="1" mb="0" cb="0" />
      <line nr="3216" mi="0" ci="1" mb="0" cb="0" />
      <line nr="3217" mi="0" ci="1" mb="0" cb="0" />
      <line nr="3218" mi="0" ci="1" mb="0" cb="0" />
      <line nr="3219" mi="0" ci="1" mb="0" cb="0" />
      <line nr="3226" mi="0" ci="1" mb="0" cb="0" />
      <line nr="3227" mi="0" ci="2" mb="0" cb="0" />
      <line nr="3228" mi="0" ci="3" mb="0" cb="0" />
      <line nr="3229" mi="1" ci="1" mb="0" cb="0" />
      <line nr="3230" mi="0" ci="2" mb="0" cb="0" />
      <line nr="3231" mi="0" ci="1" mb="0" cb="0" />
      <line nr="3232" mi="0" ci="1" mb="0" cb="0" />
      <line nr="3233" mi="0" ci="1" mb="0" cb="0" />
      <line nr="3234" mi="0" ci="1" mb="0" cb="0" />
      <line nr="3235" mi="0" ci="1" mb="0" cb="0" />
      <line nr="3236" mi="0" ci="1" mb="0" cb="0" />
      <line nr="3237" mi="0" ci="1" mb="0" cb="0" />
      <line nr="3238" mi="0" ci="1" mb="0" cb="0" />
      <line nr="3239" mi="0" ci="1" mb="0" cb="0" />
      <line nr="3240" mi="0" ci="1" mb="0" cb="0" />
      <line nr="3241" mi="0" ci="1" mb="0" cb="0" />
      <line nr="3242" mi="0" ci="1" mb="0" cb="0" />
      <line nr="3243" mi="0" ci="1" mb="0" cb="0" />
      <line nr="3244" mi="0" ci="1" mb="0" cb="0" />
      <line nr="3245" mi="0" ci="1" mb="0" cb="0" />
      <line nr="3253" mi="0" ci="2" mb="0" cb="0" />
      <line nr="3254" mi="1" ci="1" mb="0" cb="0" />
      <line nr="3255" mi="0" ci="1" mb="0" cb="0" />
      <line nr="3256" mi="0" ci="1" mb="0" cb="0" />
      <line nr="3257" mi="0" ci="1" mb="0" cb="0" />
      <line nr="3258" mi="0" ci="1" mb="0" cb="0" />
      <line nr="3259" mi="0" ci="1" mb="0" cb="0" />
      <line nr="3260" mi="0" ci="1" mb="0" cb="0" />
      <line nr="3261" mi="0" ci="1" mb="0" cb="0" />
      <line nr="3262" mi="0" ci="1" mb="0" cb="0" />
      <line nr="3263" mi="0" ci="1" mb="0" cb="0" />
      <line nr="3264" mi="0" ci="1" mb="0" cb="0" />
      <line nr="3268" mi="0" ci="1" mb="0" cb="0" />
      <line nr="3269" mi="0" ci="1" mb="0" cb="0" />
      <line nr="3270" mi="1" ci="0" mb="0" cb="0" />
      <line nr="3271" mi="1" ci="0" mb="0" cb="0" />
      <line nr="3272" mi="1" ci="0" mb="0" cb="0" />
      <line nr="3273" mi="1" ci="0" mb="0" cb="0" />
      <line nr="3274" mi="1" ci="0" mb="0" cb="0" />
      <line nr="3275" mi="1" ci="0" mb="0" cb="0" />
      <line nr="3276" mi="1" ci="0" mb="0" cb="0" />
      <line nr="3277" mi="1" ci="0" mb="0" cb="0" />
      <line nr="3278" mi="1" ci="0" mb="0" cb="0" />
      <line nr="3279" mi="1" ci="0" mb="0" cb="0" />
      <line nr="3285" mi="0" ci="1" mb="0" cb="0" />
      <line nr="3286" mi="0" ci="1" mb="0" cb="0" />
      <line nr="3287" mi="0" ci="1" mb="0" cb="0" />
      <line nr="3288" mi="0" ci="1" mb="0" cb="0" />
      <line nr="3289" mi="0" ci="1" mb="0" cb="0" />
      <line nr="3291" mi="0" ci="1" mb="0" cb="0" />
      <line nr="3292" mi="0" ci="2" mb="0" cb="0" />
      <line nr="3293" mi="0" ci="2" mb="0" cb="0" />
      <line nr="3296" mi="0" ci="4" mb="0" cb="0" />
      <line nr="3297" mi="0" ci="4" mb="0" cb="0" />
      <line nr="3299" mi="0" ci="1" mb="0" cb="0" />
      <line nr="3300" mi="0" ci="1" mb="0" cb="0" />
      <line nr="3301" mi="0" ci="1" mb="0" cb="0" />
      <line nr="3302" mi="0" ci="1" mb="0" cb="0" />
      <line nr="3303" mi="0" ci="1" mb="0" cb="0" />
      <line nr="3304" mi="0" ci="1" mb="0" cb="0" />
      <line nr="3305" mi="0" ci="2" mb="0" cb="0" />
      <line nr="3306" mi="0" ci="2" mb="0" cb="0" />
      <line nr="3307" mi="0" ci="2" mb="0" cb="0" />
      <line nr="3308" mi="0" ci="2" mb="0" cb="0" />
      <line nr="3309" mi="0" ci="2" mb="0" cb="0" />
      <line nr="3310" mi="0" ci="1" mb="0" cb="0" />
      <line nr="3311" mi="0" ci="1" mb="0" cb="0" />
      <line nr="3312" mi="0" ci="1" mb="0" cb="0" />
      <line nr="3313" mi="0" ci="1" mb="0" cb="0" />
      <line nr="3314" mi="0" ci="1" mb="0" cb="0" />
      <line nr="3315" mi="0" ci="1" mb="0" cb="0" />
      <line nr="3316" mi="0" ci="1" mb="0" cb="0" />
      <line nr="3317" mi="0" ci="1" mb="0" cb="0" />
      <line nr="3318" mi="0" ci="1" mb="0" cb="0" />
      <line nr="3319" mi="0" ci="1" mb="0" cb="0" />
      <line nr="3320" mi="0" ci="1" mb="0" cb="0" />
      <line nr="3321" mi="0" ci="1" mb="0" cb="0" />
      <line nr="3322" mi="0" ci="1" mb="0" cb="0" />
      <line nr="3323" mi="0" ci="1" mb="0" cb="0" />
      <line nr="3324" mi="0" ci="1" mb="0" cb="0" />
      <line nr="3358" mi="0" ci="1" mb="0" cb="0" />
      <line nr="3359" mi="0" ci="2" mb="0" cb="0" />
      <line nr="3361" mi="0" ci="1" mb="0" cb="0" />
      <line nr="3362" mi="1" ci="1" mb="0" cb="0" />
      <line nr="3363" mi="0" ci="2" mb="0" cb="0" />
      <line nr="3365" mi="0" ci="1" mb="0" cb="0" />
      <line nr="3367" mi="0" ci="1" mb="0" cb="0" />
      <line nr="3370" mi="0" ci="1" mb="0" cb="0" />
      <line nr="3371" mi="0" ci="1" mb="0" cb="0" />
      <line nr="3372" mi="0" ci="1" mb="0" cb="0" />
      <line nr="3373" mi="1" ci="0" mb="0" cb="0" />
      <line nr="3376" mi="0" ci="1" mb="0" cb="0" />
      <line nr="3377" mi="0" ci="1" mb="0" cb="0" />
      <line nr="3378" mi="0" ci="1" mb="0" cb="0" />
      <line nr="3379" mi="0" ci="1" mb="0" cb="0" />
      <line nr="3381" mi="0" ci="1" mb="0" cb="0" />
      <line nr="3382" mi="0" ci="1" mb="0" cb="0" />
      <line nr="3383" mi="0" ci="1" mb="0" cb="0" />
      <line nr="3385" mi="0" ci="1" mb="0" cb="0" />
      <line nr="3386" mi="0" ci="1" mb="0" cb="0" />
      <line nr="3387" mi="0" ci="1" mb="0" cb="0" />
      <line nr="3388" mi="0" ci="1" mb="0" cb="0" />
      <line nr="3389" mi="1" ci="0" mb="0" cb="0" />
      <line nr="3391" mi="0" ci="1" mb="0" cb="0" />
      <line nr="3392" mi="0" ci="1" mb="0" cb="0" />
      <line nr="3395" mi="1" ci="0" mb="0" cb="0" />
      <line nr="3398" mi="0" ci="1" mb="0" cb="0" />
      <line nr="3399" mi="0" ci="1" mb="0" cb="0" />
      <line nr="3400" mi="0" ci="1" mb="0" cb="0" />
      <line nr="3404" mi="1" ci="0" mb="0" cb="0" />
      <line nr="3405" mi="1" ci="0" mb="0" cb="0" />
      <line nr="3408" mi="0" ci="1" mb="0" cb="0" />
      <line nr="3409" mi="0" ci="1" mb="0" cb="0" />
      <line nr="3410" mi="0" ci="1" mb="0" cb="0" />
      <line nr="3411" mi="0" ci="1" mb="0" cb="0" />
      <line nr="3416" mi="0" ci="1" mb="0" cb="0" />
      <line nr="3417" mi="0" ci="1" mb="0" cb="0" />
      <line nr="3418" mi="0" ci="1" mb="0" cb="0" />
      <line nr="3419" mi="0" ci="1" mb="0" cb="0" />
      <line nr="3420" mi="0" ci="1" mb="0" cb="0" />
      <line nr="3421" mi="0" ci="1" mb="0" cb="0" />
      <line nr="3422" mi="0" ci="2" mb="0" cb="0" />
      <line nr="3423" mi="0" ci="1" mb="0" cb="0" />
      <line nr="3424" mi="0" ci="1" mb="0" cb="0" />
      <line nr="3425" mi="0" ci="1" mb="0" cb="0" />
      <line nr="3426" mi="0" ci="1" mb="0" cb="0" />
      <line nr="3427" mi="0" ci="1" mb="0" cb="0" />
      <line nr="3462" mi="0" ci="1" mb="0" cb="0" />
      <line nr="3463" mi="0" ci="2" mb="0" cb="0" />
      <line nr="3465" mi="0" ci="1" mb="0" cb="0" />
      <line nr="3466" mi="0" ci="1" mb="0" cb="0" />
      <line nr="3467" mi="1" ci="1" mb="0" cb="0" />
      <line nr="3469" mi="0" ci="2" mb="0" cb="0" />
      <line nr="3471" mi="0" ci="1" mb="0" cb="0" />
      <line nr="3473" mi="0" ci="1" mb="0" cb="0" />
      <line nr="3474" mi="0" ci="1" mb="0" cb="0" />
      <line nr="3477" mi="0" ci="1" mb="0" cb="0" />
      <line nr="3478" mi="0" ci="1" mb="0" cb="0" />
      <line nr="3479" mi="0" ci="1" mb="0" cb="0" />
      <line nr="3480" mi="0" ci="1" mb="0" cb="0" />
      <line nr="3485" mi="0" ci="4" mb="0" cb="0" />
      <line nr="3486" mi="0" ci="1" mb="0" cb="0" />
      <line nr="3487" mi="0" ci="1" mb="0" cb="0" />
      <line nr="3489" mi="0" ci="1" mb="0" cb="0" />
      <line nr="3490" mi="0" ci="1" mb="0" cb="0" />
      <line nr="3491" mi="0" ci="1" mb="0" cb="0" />
      <line nr="3492" mi="0" ci="1" mb="0" cb="0" />
      <line nr="3493" mi="1" ci="1" mb="0" cb="0" />
      <line nr="3495" mi="0" ci="1" mb="0" cb="0" />
      <line nr="3496" mi="0" ci="1" mb="0" cb="0" />
      <line nr="3497" mi="0" ci="4" mb="0" cb="0" />
      <line nr="3500" mi="0" ci="1" mb="0" cb="0" />
      <line nr="3501" mi="0" ci="1" mb="0" cb="0" />
      <line nr="3502" mi="0" ci="1" mb="0" cb="0" />
      <line nr="3503" mi="1" ci="0" mb="0" cb="0" />
      <line nr="3505" mi="0" ci="1" mb="0" cb="0" />
      <line nr="3506" mi="0" ci="1" mb="0" cb="0" />
      <line nr="3507" mi="0" ci="1" mb="0" cb="0" />
      <line nr="3510" mi="0" ci="1" mb="0" cb="0" />
      <line nr="3511" mi="0" ci="1" mb="0" cb="0" />
      <line nr="3512" mi="0" ci="1" mb="0" cb="0" />
      <line nr="3513" mi="0" ci="1" mb="0" cb="0" />
      <line nr="3514" mi="0" ci="1" mb="0" cb="0" />
      <line nr="3515" mi="2" ci="3" mb="0" cb="0" />
      <line nr="3516" mi="0" ci="1" mb="0" cb="0" />
      <line nr="3517" mi="0" ci="1" mb="0" cb="0" />
      <line nr="3518" mi="0" ci="1" mb="0" cb="0" />
      <line nr="3519" mi="0" ci="1" mb="0" cb="0" />
      <line nr="3520" mi="0" ci="1" mb="0" cb="0" />
      <line nr="3521" mi="0" ci="1" mb="0" cb="0" />
      <line nr="3522" mi="0" ci="1" mb="0" cb="0" />
      <line nr="3523" mi="0" ci="1" mb="0" cb="0" />
      <line nr="3524" mi="0" ci="1" mb="0" cb="0" />
      <line nr="3525" mi="0" ci="1" mb="0" cb="0" />
      <line nr="3559" mi="0" ci="1" mb="0" cb="0" />
      <line nr="3561" mi="0" ci="1" mb="0" cb="0" />
      <line nr="3562" mi="1" ci="0" mb="0" cb="0" />
      <line nr="3563" mi="1" ci="0" mb="0" cb="0" />
      <line nr="3564" mi="1" ci="0" mb="0" cb="0" />
      <line nr="3565" mi="1" ci="0" mb="0" cb="0" />
      <line nr="3566" mi="1" ci="0" mb="0" cb="0" />
      <line nr="3567" mi="1" ci="0" mb="0" cb="0" />
      <line nr="3568" mi="1" ci="0" mb="0" cb="0" />
      <line nr="3569" mi="1" ci="0" mb="0" cb="0" />
      <line nr="3570" mi="1" ci="0" mb="0" cb="0" />
      <line nr="3571" mi="1" ci="0" mb="0" cb="0" />
      <line nr="3572" mi="1" ci="0" mb="0" cb="0" />
      <line nr="3573" mi="1" ci="0" mb="0" cb="0" />
      <line nr="3574" mi="1" ci="0" mb="0" cb="0" />
      <line nr="3575" mi="1" ci="0" mb="0" cb="0" />
      <line nr="3576" mi="1" ci="0" mb="0" cb="0" />
      <line nr="3577" mi="1" ci="0" mb="0" cb="0" />
      <line nr="3578" mi="1" ci="0" mb="0" cb="0" />
      <line nr="3579" mi="1" ci="0" mb="0" cb="0" />
      <line nr="3580" mi="1" ci="0" mb="0" cb="0" />
      <line nr="3581" mi="1" ci="0" mb="0" cb="0" />
      <line nr="3582" mi="1" ci="0" mb="0" cb="0" />
      <line nr="3583" mi="1" ci="0" mb="0" cb="0" />
      <line nr="3584" mi="1" ci="0" mb="0" cb="0" />
      <line nr="3585" mi="1" ci="0" mb="0" cb="0" />
      <line nr="3586" mi="1" ci="0" mb="0" cb="0" />
      <line nr="3587" mi="1" ci="0" mb="0" cb="0" />
      <line nr="3588" mi="1" ci="0" mb="0" cb="0" />
      <line nr="3593" mi="0" ci="1" mb="0" cb="0" />
      <line nr="3594" mi="0" ci="1" mb="0" cb="0" />
      <line nr="3596" mi="0" ci="1" mb="0" cb="0" />
      <line nr="3599" mi="1" ci="0" mb="0" cb="0" />
      <line nr="3602" mi="0" ci="1" mb="0" cb="0" />
      <line nr="3603" mi="0" ci="1" mb="0" cb="0" />
      <line nr="3604" mi="0" ci="1" mb="0" cb="0" />
      <line nr="3605" mi="0" ci="2" mb="0" cb="0" />
      <line nr="3606" mi="0" ci="1" mb="0" cb="0" />
      <line nr="3607" mi="0" ci="1" mb="0" cb="0" />
      <line nr="3608" mi="0" ci="1" mb="0" cb="0" />
      <line nr="3609" mi="0" ci="1" mb="0" cb="0" />
      <line nr="3610" mi="0" ci="1" mb="0" cb="0" />
      <line nr="3611" mi="0" ci="1" mb="0" cb="0" />
      <line nr="3612" mi="0" ci="1" mb="0" cb="0" />
      <line nr="3616" mi="1" ci="0" mb="0" cb="0" />
      <line nr="3617" mi="1" ci="0" mb="0" cb="0" />
      <line nr="3618" mi="1" ci="0" mb="0" cb="0" />
      <line nr="3619" mi="1" ci="0" mb="0" cb="0" />
      <line nr="3620" mi="1" ci="0" mb="0" cb="0" />
      <line nr="3621" mi="1" ci="0" mb="0" cb="0" />
      <line nr="3627" mi="0" ci="1" mb="0" cb="0" />
      <line nr="3628" mi="0" ci="1" mb="0" cb="0" />
      <line nr="3629" mi="0" ci="1" mb="0" cb="0" />
      <line nr="3630" mi="0" ci="1" mb="0" cb="0" />
      <line nr="3633" mi="0" ci="1" mb="0" cb="0" />
      <line nr="3634" mi="0" ci="1" mb="0" cb="0" />
      <line nr="3635" mi="0" ci="1" mb="0" cb="0" />
      <line nr="3636" mi="0" ci="1" mb="0" cb="0" />
      <line nr="3637" mi="1" ci="2" mb="0" cb="0" />
      <line nr="3638" mi="0" ci="1" mb="0" cb="0" />
      <line nr="3639" mi="0" ci="1" mb="0" cb="0" />
      <line nr="3640" mi="0" ci="1" mb="0" cb="0" />
      <line nr="3641" mi="0" ci="2" mb="0" cb="0" />
      <line nr="3642" mi="0" ci="1" mb="0" cb="0" />
      <line nr="3643" mi="0" ci="1" mb="0" cb="0" />
      <line nr="3644" mi="0" ci="1" mb="0" cb="0" />
      <line nr="3645" mi="0" ci="2" mb="0" cb="0" />
      <line nr="3646" mi="0" ci="1" mb="0" cb="0" />
      <line nr="3647" mi="0" ci="2" mb="0" cb="0" />
      <line nr="3648" mi="0" ci="2" mb="0" cb="0" />
      <line nr="3649" mi="0" ci="2" mb="0" cb="0" />
      <line nr="3650" mi="0" ci="2" mb="0" cb="0" />
      <line nr="3651" mi="0" ci="2" mb="0" cb="0" />
      <line nr="3652" mi="0" ci="2" mb="0" cb="0" />
      <line nr="3653" mi="0" ci="1" mb="0" cb="0" />
      <line nr="3654" mi="0" ci="1" mb="0" cb="0" />
      <line nr="3655" mi="0" ci="1" mb="0" cb="0" />
      <line nr="3656" mi="0" ci="1" mb="0" cb="0" />
      <line nr="3657" mi="0" ci="2" mb="0" cb="0" />
      <line nr="3658" mi="0" ci="2" mb="0" cb="0" />
      <line nr="3659" mi="0" ci="1" mb="0" cb="0" />
      <line nr="3660" mi="0" ci="1" mb="0" cb="0" />
      <line nr="3701" mi="0" ci="1" mb="0" cb="0" />
      <line nr="3702" mi="0" ci="2" mb="0" cb="0" />
      <line nr="3704" mi="0" ci="1" mb="0" cb="0" />
      <line nr="3705" mi="0" ci="1" mb="0" cb="0" />
      <line nr="3706" mi="0" ci="1" mb="0" cb="0" />
      <line nr="3707" mi="0" ci="1" mb="0" cb="0" />
      <line nr="3708" mi="0" ci="1" mb="0" cb="0" />
      <line nr="3709" mi="0" ci="1" mb="0" cb="0" />
      <line nr="3711" mi="0" ci="2" mb="0" cb="0" />
      <line nr="3712" mi="0" ci="1" mb="0" cb="0" />
      <line nr="3713" mi="0" ci="1" mb="0" cb="0" />
      <line nr="3714" mi="0" ci="1" mb="0" cb="0" />
      <line nr="3715" mi="0" ci="3" mb="0" cb="0" />
      <line nr="3716" mi="1" ci="0" mb="0" cb="0" />
      <line nr="3717" mi="1" ci="0" mb="0" cb="0" />
      <line nr="3718" mi="1" ci="0" mb="0" cb="0" />
      <line nr="3719" mi="3" ci="0" mb="0" cb="0" />
      <line nr="3720" mi="3" ci="0" mb="0" cb="0" />
      <line nr="3723" mi="0" ci="1" mb="0" cb="0" />
      <line nr="3724" mi="0" ci="1" mb="0" cb="0" />
      <line nr="3725" mi="0" ci="1" mb="0" cb="0" />
      <line nr="3729" mi="0" ci="1" mb="0" cb="0" />
      <line nr="3730" mi="0" ci="1" mb="0" cb="0" />
      <line nr="3731" mi="0" ci="1" mb="0" cb="0" />
      <line nr="3732" mi="0" ci="1" mb="0" cb="0" />
      <line nr="3733" mi="0" ci="1" mb="0" cb="0" />
      <line nr="3734" mi="0" ci="1" mb="0" cb="0" />
      <line nr="3735" mi="0" ci="1" mb="0" cb="0" />
      <line nr="3736" mi="0" ci="1" mb="0" cb="0" />
      <line nr="3737" mi="0" ci="1" mb="0" cb="0" />
      <line nr="3738" mi="0" ci="1" mb="0" cb="0" />
      <line nr="3739" mi="0" ci="1" mb="0" cb="0" />
      <line nr="3740" mi="0" ci="1" mb="0" cb="0" />
      <line nr="3741" mi="0" ci="1" mb="0" cb="0" />
      <line nr="3742" mi="0" ci="1" mb="0" cb="0" />
      <line nr="3743" mi="0" ci="1" mb="0" cb="0" />
      <line nr="3744" mi="0" ci="1" mb="0" cb="0" />
      <line nr="3778" mi="0" ci="1" mb="0" cb="0" />
      <line nr="3779" mi="0" ci="2" mb="0" cb="0" />
      <line nr="3781" mi="0" ci="1" mb="0" cb="0" />
      <line nr="3782" mi="1" ci="1" mb="0" cb="0" />
      <line nr="3783" mi="0" ci="2" mb="0" cb="0" />
      <line nr="3785" mi="0" ci="1" mb="0" cb="0" />
      <line nr="3786" mi="0" ci="1" mb="0" cb="0" />
      <line nr="3787" mi="0" ci="2" mb="0" cb="0" />
      <line nr="3790" mi="0" ci="2" mb="0" cb="0" />
      <line nr="3792" mi="0" ci="1" mb="0" cb="0" />
      <line nr="3796" mi="0" ci="1" mb="0" cb="0" />
      <line nr="3797" mi="0" ci="1" mb="0" cb="0" />
      <line nr="3798" mi="0" ci="1" mb="0" cb="0" />
      <line nr="3799" mi="0" ci="1" mb="0" cb="0" />
      <line nr="3801" mi="0" ci="1" mb="0" cb="0" />
      <line nr="3803" mi="1" ci="2" mb="0" cb="0" />
      <line nr="3806" mi="3" ci="0" mb="0" cb="0" />
      <line nr="3807" mi="2" ci="0" mb="0" cb="0" />
      <line nr="3810" mi="1" ci="0" mb="0" cb="0" />
      <line nr="3811" mi="1" ci="0" mb="0" cb="0" />
      <line nr="3813" mi="1" ci="0" mb="0" cb="0" />
      <line nr="3814" mi="1" ci="0" mb="0" cb="0" />
      <line nr="3818" mi="3" ci="0" mb="0" cb="0" />
      <line nr="3821" mi="1" ci="0" mb="0" cb="0" />
      <line nr="3825" mi="0" ci="1" mb="0" cb="0" />
      <line nr="3826" mi="1" ci="0" mb="0" cb="0" />
      <line nr="3829" mi="0" ci="1" mb="0" cb="0" />
      <line nr="3830" mi="0" ci="1" mb="0" cb="0" />
      <line nr="3831" mi="0" ci="1" mb="0" cb="0" />
      <line nr="3832" mi="0" ci="1" mb="0" cb="0" />
      <line nr="3833" mi="0" ci="1" mb="0" cb="0" />
      <line nr="3834" mi="0" ci="1" mb="0" cb="0" />
      <line nr="3835" mi="0" ci="1" mb="0" cb="0" />
      <line nr="3836" mi="0" ci="1" mb="0" cb="0" />
      <line nr="3837" mi="0" ci="1" mb="0" cb="0" />
      <line nr="3838" mi="0" ci="1" mb="0" cb="0" />
      <line nr="3839" mi="0" ci="1" mb="0" cb="0" />
      <line nr="3840" mi="0" ci="1" mb="0" cb="0" />
      <line nr="3841" mi="0" ci="1" mb="0" cb="0" />
      <line nr="3895" mi="0" ci="1" mb="0" cb="0" />
      <line nr="3900" mi="0" ci="2" mb="0" cb="0" />
      <counter type="INSTRUCTION" missed="558" covered="1437" />
      <counter type="LINE" missed="385" covered="1134" />
      <counter type="METHOD" missed="2" covered="58" />
      <counter type="CLASS" missed="0" covered="1" />
    </sourcefile>
    <counter type="INSTRUCTION" missed="558" covered="1437" />
    <counter type="LINE" missed="385" covered="1134" />
    <counter type="METHOD" missed="2" covered="58" />
    <counter type="CLASS" missed="0" covered="1" />
  </package>
  <counter type="INSTRUCTION" missed="558" covered="1437" />
  <counter type="LINE" missed="385" covered="1134" />
  <counter type="METHOD" missed="2" covered="58" />
  <counter type="CLASS" missed="0" covered="1" />
</report>